<?xml version="1.0" encoding="UTF-8"?>
<!-- Generated by org.testng.reporters.JUnitXMLReporter -->
<testsuite hostname="DESKTOP-RAH6IHC" ignored="1" name="PJTSS_CheckLinks" tests="1" failures="0" timestamp="2024-03-28T00:01:08 ICT" time="0.027" errors="0">
  <testcase name="@BeforeClass initializeTestBaseSetup" time="-1.71155886833E9" classname="projectss.base.BaseSetup">
    <failure type="org.testng.TestNGException" message="
Parameter &amp;apos;browserType&amp;apos; is required by BeforeClass on method initializeTestBaseSetup but has not been marked @Optional or defined
in C:\Users\ad\AppData\Local\JetBrains\IdeaIC2023.2\temp-testng-customsuite.xml">
      <![CDATA[org.testng.TestNGException: 
Parameter 'browserType' is required by BeforeClass on method initializeTestBaseSetup but has not been marked @Optional or defined
in C:\Users\ad\AppData\Local\JetBrains\IdeaIC2023.2\temp-testng-customsuite.xml
at java.util.ArrayList.forEach(ArrayList.java:1259)
at com.intellij.rt.testng.IDEARemoteTestNG.run(IDEARemoteTestNG.java:66)
at com.intellij.rt.testng.RemoteTestNGStarter.main(RemoteTestNGStarter.java:105)
... Removed 19 stack frames]]>
    </failure>
  </testcase> <!-- @BeforeClass initializeTestBaseSetup -->
  <testcase name="@BeforeClass setUp" time="-1.711558868338E9" classname="projectss.testcases.MetaTest">
    <skipped/>
  </testcase> <!-- @BeforeClass setUp -->
  <testcase name="@AfterClass tearDown" time="-1.711558868347E9" classname="projectss.base.BaseSetup">
    <skipped/>
  </testcase> <!-- @AfterClass tearDown -->
  <testcase name="signIn" time="0.0" classname="projectss.testcases.MetaTest">
    <skipped/>
  </testcase> <!-- signIn -->
  <testcase name="getMeta" time="0.0" classname="projectss.testcases.MetaTest">
    <ignored/>
  </testcase> <!-- getMeta -->
</testsuite> <!-- PJTSS_CheckLinks -->
