<?xml version="1.0" encoding="UTF-8"?>
<!-- Generated by org.testng.reporters.JUnitXMLReporter -->
<testsuite hostname="DESKTOP-RAH6IHC" ignored="0" name="AutomationTest" tests="2" failures="1" timestamp="2024-06-09T15:16:43 ICT" time="1394.638" errors="0">
  <testcase name="signIn" time="3.76" classname="projectss.testcases.PDPTest"/>
  <testcase name="verifySKUnBadgeByGoogle" time="1384.592" classname="projectss.testcases.PDPTest">
    <failure type="java.lang.AssertionError" message="The following asserts failed:
	No lỗi: 34_ expected [เก่าแลกใหม่ 5000z] but found [เก่าแลกใหม่ 5000],
	No lỗi: 36_ expected [F-RF59U12B39GGz] but found [F-RF59U12B39GG],
	No lỗi: 40_ expected [F-RB33DU3KDB18z] but found [F-RB33DU3KDB18],
	No lỗi: 40_ expected [เก่าแลกใหม่ 4000z] but found [เก่าแลกใหม่ 4000]">
      <![CDATA[java.lang.AssertionError: The following asserts failed:
No lỗi: 34_ expected [เก่าแลกใหม่ 5000z] but found [เก่าแลกใหม่ 5000],
No lỗi: 36_ expected [F-RF59U12B39GGz] but found [F-RF59U12B39GG],
No lỗi: 40_ expected [F-RB33DU3KDB18z] but found [F-RB33DU3KDB18],
No lỗi: 40_ expected [เก่าแลกใหม่ 4000z] but found [เก่าแลกใหม่ 4000]
at projectss.testcases.PDPTest.verifySKUnBadgeByGoogle(PDPTest.java:73)
at java.util.ArrayList.forEach(ArrayList.java:1259)
at com.intellij.rt.testng.IDEARemoteTestNG.run(IDEARemoteTestNG.java:66)
at com.intellij.rt.testng.RemoteTestNGStarter.main(RemoteTestNGStarter.java:105)
... Removed 26 stack frames]]>
    </failure>
  </testcase> <!-- verifySKUnBadgeByGoogle -->
</testsuite> <!-- AutomationTest -->
