<html>
<head>
<title>TestNG:  AutomationTest</title>
<link href="../testng.css" rel="stylesheet" type="text/css" />
<link href="../my-testng.css" rel="stylesheet" type="text/css" />

<style type="text/css">
.log { display: none;} 
.stack-trace { display: none;} 
</style>
<script type="text/javascript">
<!--
function flip(e) {
  current = e.style.display;
  if (current == 'block') {
    e.style.display = 'none';
    return 0;
  }
  else {
    e.style.display = 'block';
    return 1;
  }
}

function toggleBox(szDivId, elem, msg1, msg2)
{
  var res = -1;  if (document.getElementById) {
    res = flip(document.getElementById(szDivId));
  }
  else if (document.all) {
    // this is the way old msie versions work
    res = flip(document.all[szDivId]);
  }
  if(elem) {
    if(res == 0) elem.innerHTML = msg1; else elem.innerHTML = msg2;
  }

}

function toggleAllBoxes() {
  if (document.getElementsByTagName) {
    d = document.getElementsByTagName('div');
    for (i = 0; i < d.length; i++) {
      if (d[i].className == 'log') {
        flip(d[i]);
      }
    }
  }
}

// -->
</script>

</head>
<body>
<h2 align='center'>AutomationTest</h2><table border='1' align="center">
<tr>
<td>Tests passed/Failed/Skipped:</td><td>48/40/0</td>
</tr><tr>
<td>Started on:</td><td>Fri Apr 26 20:08:50 ICT 2024</td>
</tr>
<tr><td>Total time:</td><td>426 seconds (426618 ms)</td>
</tr><tr>
<td>Included groups:</td><td></td>
</tr><tr>
<td>Excluded groups:</td><td></td>
</tr>
</table><p/>
<small><i>(Hover the method name to see the test class name)</i></small><p/>
<table width='100%' border='1' class='invocation-failed'>
<tr><td colspan='4' align='center'><b>FAILED TESTS</b></td></tr>
<tr><td><b>Test method</b></td>
<td width="30%"><b>Exception</b></td>
<td width="10%"><b>Time (seconds)</b></td>
<td><b>Instance</b></td>
</tr>
<tr>
<td title='projectss.testcases.MetaTest.verifyExistOfMetaContent()'><b>verifyExistOfMetaContent</b><br>Test class: projectss.testcases.MetaTest<br>Parameters: https://p6-qa.samsung.com/my/business/led-signage/indoor-led/all-in-one-led-iac-series-lh015iacchs-xs</td>
<td><div><pre>java.lang.AssertionError: Fail URL: https://p6-qa.samsung.com/my/business/led-signage/indoor-led/all-in-one-led-iac-series-lh015iacchs-xs expected [true] but found [false]
	at projectss.testcases.MetaTest.verifyExistOfMetaContent(MetaTest.java:122)
	at java.util.ArrayList.forEach(ArrayList.java:1259)
	at com.intellij.rt.testng.IDEARemoteTestNG.run(IDEARemoteTestNG.java:66)
	at com.intellij.rt.testng.RemoteTestNGStarter.main(RemoteTestNGStarter.java:105)
... Removed 26 stack frames</pre></div><a href='#' onClick='toggleBox("stack-trace239290560", this, "Click to show all stack frames", "Click to hide stack frames")'>Click to show all stack frames</a>
<div class='stack-trace' id='stack-trace239290560'><pre>java.lang.AssertionError: Fail URL: https://p6-qa.samsung.com/my/business/led-signage/indoor-led/all-in-one-led-iac-series-lh015iacchs-xs expected [true] but found [false]
	at org.testng.Assert.fail(Assert.java:99)
	at org.testng.Assert.failNotEquals(Assert.java:1037)
	at org.testng.Assert.assertTrue(Assert.java:45)
	at projectss.testcases.MetaTest.verifyExistOfMetaContent(MetaTest.java:122)
	at sun.reflect.GeneratedMethodAccessor2.invoke(Unknown Source)
	at sun.reflect.DelegatingMethodAccessorImpl.invoke(DelegatingMethodAccessorImpl.java:43)
	at java.lang.reflect.Method.invoke(Method.java:498)
	at org.testng.internal.MethodInvocationHelper.invokeMethod(MethodInvocationHelper.java:133)
	at org.testng.internal.TestInvoker.invokeMethod(TestInvoker.java:598)
	at org.testng.internal.TestInvoker.invokeTestMethod(TestInvoker.java:173)
	at org.testng.internal.MethodRunner.runInSequence(MethodRunner.java:46)
	at org.testng.internal.TestInvoker$MethodInvocationAgent.invoke(TestInvoker.java:824)
	at org.testng.internal.TestInvoker.invokeTestMethods(TestInvoker.java:146)
	at org.testng.internal.TestMethodWorker.invokeTestMethods(TestMethodWorker.java:146)
	at org.testng.internal.TestMethodWorker.run(TestMethodWorker.java:128)
	at java.util.ArrayList.forEach(ArrayList.java:1259)
	at org.testng.TestRunner.privateRun(TestRunner.java:794)
	at org.testng.TestRunner.run(TestRunner.java:596)
	at org.testng.SuiteRunner.runTest(SuiteRunner.java:377)
	at org.testng.SuiteRunner.runSequentially(SuiteRunner.java:371)
	at org.testng.SuiteRunner.privateRun(SuiteRunner.java:332)
	at org.testng.SuiteRunner.run(SuiteRunner.java:276)
	at org.testng.SuiteRunnerWorker.runSuite(SuiteRunnerWorker.java:53)
	at org.testng.SuiteRunnerWorker.run(SuiteRunnerWorker.java:96)
	at org.testng.TestNG.runSuitesSequentially(TestNG.java:1212)
	at org.testng.TestNG.runSuitesLocally(TestNG.java:1134)
	at org.testng.TestNG.runSuites(TestNG.java:1063)
	at org.testng.TestNG.run(TestNG.java:1031)
	at com.intellij.rt.testng.IDEARemoteTestNG.run(IDEARemoteTestNG.java:66)
	at com.intellij.rt.testng.RemoteTestNGStarter.main(RemoteTestNGStarter.java:105)
</pre></div></td>
<td>6</td>
<td>projectss.testcases.MetaTest@5a1c0542</td></tr>
<tr>
<td title='projectss.testcases.MetaTest.verifyExistOfMetaContent()'><b>verifyExistOfMetaContent</b><br>Test class: projectss.testcases.MetaTest<br>Parameters: https://p6-qa.samsung.com/my/business/smart-signage/others/bec-h-biztv-uhd-4k-biztv-lh85bechlgkxxm</td>
<td><div><pre>java.lang.AssertionError: Fail URL: https://p6-qa.samsung.com/my/business/smart-signage/others/bec-h-biztv-uhd-4k-biztv-lh85bechlgkxxm expected [true] but found [false]
	at projectss.testcases.MetaTest.verifyExistOfMetaContent(MetaTest.java:122)
	at java.util.ArrayList.forEach(ArrayList.java:1259)
	at com.intellij.rt.testng.IDEARemoteTestNG.run(IDEARemoteTestNG.java:66)
	at com.intellij.rt.testng.RemoteTestNGStarter.main(RemoteTestNGStarter.java:105)
... Removed 27 stack frames</pre></div><a href='#' onClick='toggleBox("stack-trace296223788", this, "Click to show all stack frames", "Click to hide stack frames")'>Click to show all stack frames</a>
<div class='stack-trace' id='stack-trace296223788'><pre>java.lang.AssertionError: Fail URL: https://p6-qa.samsung.com/my/business/smart-signage/others/bec-h-biztv-uhd-4k-biztv-lh85bechlgkxxm expected [true] but found [false]
	at org.testng.Assert.fail(Assert.java:99)
	at org.testng.Assert.failNotEquals(Assert.java:1037)
	at org.testng.Assert.assertTrue(Assert.java:45)
	at projectss.testcases.MetaTest.verifyExistOfMetaContent(MetaTest.java:122)
	at sun.reflect.NativeMethodAccessorImpl.invoke0(Native Method)
	at sun.reflect.NativeMethodAccessorImpl.invoke(NativeMethodAccessorImpl.java:62)
	at sun.reflect.DelegatingMethodAccessorImpl.invoke(DelegatingMethodAccessorImpl.java:43)
	at java.lang.reflect.Method.invoke(Method.java:498)
	at org.testng.internal.MethodInvocationHelper.invokeMethod(MethodInvocationHelper.java:133)
	at org.testng.internal.TestInvoker.invokeMethod(TestInvoker.java:598)
	at org.testng.internal.TestInvoker.invokeTestMethod(TestInvoker.java:173)
	at org.testng.internal.MethodRunner.runInSequence(MethodRunner.java:46)
	at org.testng.internal.TestInvoker$MethodInvocationAgent.invoke(TestInvoker.java:824)
	at org.testng.internal.TestInvoker.invokeTestMethods(TestInvoker.java:146)
	at org.testng.internal.TestMethodWorker.invokeTestMethods(TestMethodWorker.java:146)
	at org.testng.internal.TestMethodWorker.run(TestMethodWorker.java:128)
	at java.util.ArrayList.forEach(ArrayList.java:1259)
	at org.testng.TestRunner.privateRun(TestRunner.java:794)
	at org.testng.TestRunner.run(TestRunner.java:596)
	at org.testng.SuiteRunner.runTest(SuiteRunner.java:377)
	at org.testng.SuiteRunner.runSequentially(SuiteRunner.java:371)
	at org.testng.SuiteRunner.privateRun(SuiteRunner.java:332)
	at org.testng.SuiteRunner.run(SuiteRunner.java:276)
	at org.testng.SuiteRunnerWorker.runSuite(SuiteRunnerWorker.java:53)
	at org.testng.SuiteRunnerWorker.run(SuiteRunnerWorker.java:96)
	at org.testng.TestNG.runSuitesSequentially(TestNG.java:1212)
	at org.testng.TestNG.runSuitesLocally(TestNG.java:1134)
	at org.testng.TestNG.runSuites(TestNG.java:1063)
	at org.testng.TestNG.run(TestNG.java:1031)
	at com.intellij.rt.testng.IDEARemoteTestNG.run(IDEARemoteTestNG.java:66)
	at com.intellij.rt.testng.RemoteTestNGStarter.main(RemoteTestNGStarter.java:105)
</pre></div></td>
<td>3</td>
<td>projectss.testcases.MetaTest@5a1c0542</td></tr>
<tr>
<td title='projectss.testcases.MetaTest.verifyExistOfMetaContent()'><b>verifyExistOfMetaContent</b><br>Test class: projectss.testcases.MetaTest<br>Parameters: https://p6-qa.samsung.com/my/business/smart-signage/video-wall/vmb-u-fhd-1080p-500nit-ip5x-35mm-lh55vmbubgbxxs</td>
<td><div><pre>java.lang.AssertionError: Fail URL: https://p6-qa.samsung.com/my/business/smart-signage/video-wall/vmb-u-fhd-1080p-500nit-ip5x-35mm-lh55vmbubgbxxs expected [true] but found [false]
	at projectss.testcases.MetaTest.verifyExistOfMetaContent(MetaTest.java:122)
	at java.util.ArrayList.forEach(ArrayList.java:1259)
	at com.intellij.rt.testng.IDEARemoteTestNG.run(IDEARemoteTestNG.java:66)
	at com.intellij.rt.testng.RemoteTestNGStarter.main(RemoteTestNGStarter.java:105)
... Removed 26 stack frames</pre></div><a href='#' onClick='toggleBox("stack-trace572115615", this, "Click to show all stack frames", "Click to hide stack frames")'>Click to show all stack frames</a>
<div class='stack-trace' id='stack-trace572115615'><pre>java.lang.AssertionError: Fail URL: https://p6-qa.samsung.com/my/business/smart-signage/video-wall/vmb-u-fhd-1080p-500nit-ip5x-35mm-lh55vmbubgbxxs expected [true] but found [false]
	at org.testng.Assert.fail(Assert.java:99)
	at org.testng.Assert.failNotEquals(Assert.java:1037)
	at org.testng.Assert.assertTrue(Assert.java:45)
	at projectss.testcases.MetaTest.verifyExistOfMetaContent(MetaTest.java:122)
	at sun.reflect.GeneratedMethodAccessor2.invoke(Unknown Source)
	at sun.reflect.DelegatingMethodAccessorImpl.invoke(DelegatingMethodAccessorImpl.java:43)
	at java.lang.reflect.Method.invoke(Method.java:498)
	at org.testng.internal.MethodInvocationHelper.invokeMethod(MethodInvocationHelper.java:133)
	at org.testng.internal.TestInvoker.invokeMethod(TestInvoker.java:598)
	at org.testng.internal.TestInvoker.invokeTestMethod(TestInvoker.java:173)
	at org.testng.internal.MethodRunner.runInSequence(MethodRunner.java:46)
	at org.testng.internal.TestInvoker$MethodInvocationAgent.invoke(TestInvoker.java:824)
	at org.testng.internal.TestInvoker.invokeTestMethods(TestInvoker.java:146)
	at org.testng.internal.TestMethodWorker.invokeTestMethods(TestMethodWorker.java:146)
	at org.testng.internal.TestMethodWorker.run(TestMethodWorker.java:128)
	at java.util.ArrayList.forEach(ArrayList.java:1259)
	at org.testng.TestRunner.privateRun(TestRunner.java:794)
	at org.testng.TestRunner.run(TestRunner.java:596)
	at org.testng.SuiteRunner.runTest(SuiteRunner.java:377)
	at org.testng.SuiteRunner.runSequentially(SuiteRunner.java:371)
	at org.testng.SuiteRunner.privateRun(SuiteRunner.java:332)
	at org.testng.SuiteRunner.run(SuiteRunner.java:276)
	at org.testng.SuiteRunnerWorker.runSuite(SuiteRunnerWorker.java:53)
	at org.testng.SuiteRunnerWorker.run(SuiteRunnerWorker.java:96)
	at org.testng.TestNG.runSuitesSequentially(TestNG.java:1212)
	at org.testng.TestNG.runSuitesLocally(TestNG.java:1134)
	at org.testng.TestNG.runSuites(TestNG.java:1063)
	at org.testng.TestNG.run(TestNG.java:1031)
	at com.intellij.rt.testng.IDEARemoteTestNG.run(IDEARemoteTestNG.java:66)
	at com.intellij.rt.testng.RemoteTestNGStarter.main(RemoteTestNGStarter.java:105)
</pre></div></td>
<td>7</td>
<td>projectss.testcases.MetaTest@5a1c0542</td></tr>
<tr>
<td title='projectss.testcases.MetaTest.verifyExistOfMetaContent()'><b>verifyExistOfMetaContent</b><br>Test class: projectss.testcases.MetaTest<br>Parameters: https://p6-qa.samsung.com/my/business/led-signage/outdoor-led/xa160t-lh160xatsac-xm</td>
<td><div><pre>java.lang.AssertionError: Fail URL: https://p6-qa.samsung.com/my/business/led-signage/outdoor-led/xa160t-lh160xatsac-xm expected [true] but found [false]
	at projectss.testcases.MetaTest.verifyExistOfMetaContent(MetaTest.java:122)
	at java.util.ArrayList.forEach(ArrayList.java:1259)
	at com.intellij.rt.testng.IDEARemoteTestNG.run(IDEARemoteTestNG.java:66)
	at com.intellij.rt.testng.RemoteTestNGStarter.main(RemoteTestNGStarter.java:105)
... Removed 26 stack frames</pre></div><a href='#' onClick='toggleBox("stack-trace1790470194", this, "Click to show all stack frames", "Click to hide stack frames")'>Click to show all stack frames</a>
<div class='stack-trace' id='stack-trace1790470194'><pre>java.lang.AssertionError: Fail URL: https://p6-qa.samsung.com/my/business/led-signage/outdoor-led/xa160t-lh160xatsac-xm expected [true] but found [false]
	at org.testng.Assert.fail(Assert.java:99)
	at org.testng.Assert.failNotEquals(Assert.java:1037)
	at org.testng.Assert.assertTrue(Assert.java:45)
	at projectss.testcases.MetaTest.verifyExistOfMetaContent(MetaTest.java:122)
	at sun.reflect.GeneratedMethodAccessor2.invoke(Unknown Source)
	at sun.reflect.DelegatingMethodAccessorImpl.invoke(DelegatingMethodAccessorImpl.java:43)
	at java.lang.reflect.Method.invoke(Method.java:498)
	at org.testng.internal.MethodInvocationHelper.invokeMethod(MethodInvocationHelper.java:133)
	at org.testng.internal.TestInvoker.invokeMethod(TestInvoker.java:598)
	at org.testng.internal.TestInvoker.invokeTestMethod(TestInvoker.java:173)
	at org.testng.internal.MethodRunner.runInSequence(MethodRunner.java:46)
	at org.testng.internal.TestInvoker$MethodInvocationAgent.invoke(TestInvoker.java:824)
	at org.testng.internal.TestInvoker.invokeTestMethods(TestInvoker.java:146)
	at org.testng.internal.TestMethodWorker.invokeTestMethods(TestMethodWorker.java:146)
	at org.testng.internal.TestMethodWorker.run(TestMethodWorker.java:128)
	at java.util.ArrayList.forEach(ArrayList.java:1259)
	at org.testng.TestRunner.privateRun(TestRunner.java:794)
	at org.testng.TestRunner.run(TestRunner.java:596)
	at org.testng.SuiteRunner.runTest(SuiteRunner.java:377)
	at org.testng.SuiteRunner.runSequentially(SuiteRunner.java:371)
	at org.testng.SuiteRunner.privateRun(SuiteRunner.java:332)
	at org.testng.SuiteRunner.run(SuiteRunner.java:276)
	at org.testng.SuiteRunnerWorker.runSuite(SuiteRunnerWorker.java:53)
	at org.testng.SuiteRunnerWorker.run(SuiteRunnerWorker.java:96)
	at org.testng.TestNG.runSuitesSequentially(TestNG.java:1212)
	at org.testng.TestNG.runSuitesLocally(TestNG.java:1134)
	at org.testng.TestNG.runSuites(TestNG.java:1063)
	at org.testng.TestNG.run(TestNG.java:1031)
	at com.intellij.rt.testng.IDEARemoteTestNG.run(IDEARemoteTestNG.java:66)
	at com.intellij.rt.testng.RemoteTestNGStarter.main(RemoteTestNGStarter.java:105)
</pre></div></td>
<td>5</td>
<td>projectss.testcases.MetaTest@5a1c0542</td></tr>
<tr>
<td title='projectss.testcases.MetaTest.verifyExistOfMetaContent()'><b>verifyExistOfMetaContent</b><br>Test class: projectss.testcases.MetaTest<br>Parameters: https://p6-qa.samsung.com/my/business/smart-signage/interactive-display/samsung-kiosk-with-windows-os-lh24kmc5bgcxxs</td>
<td><div><pre>java.lang.AssertionError: Fail URL: https://p6-qa.samsung.com/my/business/smart-signage/interactive-display/samsung-kiosk-with-windows-os-lh24kmc5bgcxxs expected [true] but found [false]
	at projectss.testcases.MetaTest.verifyExistOfMetaContent(MetaTest.java:122)
	at java.util.ArrayList.forEach(ArrayList.java:1259)
	at com.intellij.rt.testng.IDEARemoteTestNG.run(IDEARemoteTestNG.java:66)
	at com.intellij.rt.testng.RemoteTestNGStarter.main(RemoteTestNGStarter.java:105)
... Removed 27 stack frames</pre></div><a href='#' onClick='toggleBox("stack-trace753816421", this, "Click to show all stack frames", "Click to hide stack frames")'>Click to show all stack frames</a>
<div class='stack-trace' id='stack-trace753816421'><pre>java.lang.AssertionError: Fail URL: https://p6-qa.samsung.com/my/business/smart-signage/interactive-display/samsung-kiosk-with-windows-os-lh24kmc5bgcxxs expected [true] but found [false]
	at org.testng.Assert.fail(Assert.java:99)
	at org.testng.Assert.failNotEquals(Assert.java:1037)
	at org.testng.Assert.assertTrue(Assert.java:45)
	at projectss.testcases.MetaTest.verifyExistOfMetaContent(MetaTest.java:122)
	at sun.reflect.NativeMethodAccessorImpl.invoke0(Native Method)
	at sun.reflect.NativeMethodAccessorImpl.invoke(NativeMethodAccessorImpl.java:62)
	at sun.reflect.DelegatingMethodAccessorImpl.invoke(DelegatingMethodAccessorImpl.java:43)
	at java.lang.reflect.Method.invoke(Method.java:498)
	at org.testng.internal.MethodInvocationHelper.invokeMethod(MethodInvocationHelper.java:133)
	at org.testng.internal.TestInvoker.invokeMethod(TestInvoker.java:598)
	at org.testng.internal.TestInvoker.invokeTestMethod(TestInvoker.java:173)
	at org.testng.internal.MethodRunner.runInSequence(MethodRunner.java:46)
	at org.testng.internal.TestInvoker$MethodInvocationAgent.invoke(TestInvoker.java:824)
	at org.testng.internal.TestInvoker.invokeTestMethods(TestInvoker.java:146)
	at org.testng.internal.TestMethodWorker.invokeTestMethods(TestMethodWorker.java:146)
	at org.testng.internal.TestMethodWorker.run(TestMethodWorker.java:128)
	at java.util.ArrayList.forEach(ArrayList.java:1259)
	at org.testng.TestRunner.privateRun(TestRunner.java:794)
	at org.testng.TestRunner.run(TestRunner.java:596)
	at org.testng.SuiteRunner.runTest(SuiteRunner.java:377)
	at org.testng.SuiteRunner.runSequentially(SuiteRunner.java:371)
	at org.testng.SuiteRunner.privateRun(SuiteRunner.java:332)
	at org.testng.SuiteRunner.run(SuiteRunner.java:276)
	at org.testng.SuiteRunnerWorker.runSuite(SuiteRunnerWorker.java:53)
	at org.testng.SuiteRunnerWorker.run(SuiteRunnerWorker.java:96)
	at org.testng.TestNG.runSuitesSequentially(TestNG.java:1212)
	at org.testng.TestNG.runSuitesLocally(TestNG.java:1134)
	at org.testng.TestNG.runSuites(TestNG.java:1063)
	at org.testng.TestNG.run(TestNG.java:1031)
	at com.intellij.rt.testng.IDEARemoteTestNG.run(IDEARemoteTestNG.java:66)
	at com.intellij.rt.testng.RemoteTestNGStarter.main(RemoteTestNGStarter.java:105)
</pre></div></td>
<td>3</td>
<td>projectss.testcases.MetaTest@5a1c0542</td></tr>
<tr>
<td title='projectss.testcases.MetaTest.verifyExistOfMetaContent()'><b>verifyExistOfMetaContent</b><br>Test class: projectss.testcases.MetaTest<br>Parameters: https://p6-qa.samsung.com/my/business/smart-signage/others/bec-h-biztv-uhd-4k-biztv-lh50bechlgkxxm</td>
<td><div><pre>java.lang.AssertionError: Fail URL: https://p6-qa.samsung.com/my/business/smart-signage/others/bec-h-biztv-uhd-4k-biztv-lh50bechlgkxxm expected [true] but found [false]
	at projectss.testcases.MetaTest.verifyExistOfMetaContent(MetaTest.java:122)
	at java.util.ArrayList.forEach(ArrayList.java:1259)
	at com.intellij.rt.testng.IDEARemoteTestNG.run(IDEARemoteTestNG.java:66)
	at com.intellij.rt.testng.RemoteTestNGStarter.main(RemoteTestNGStarter.java:105)
... Removed 27 stack frames</pre></div><a href='#' onClick='toggleBox("stack-trace1803890702", this, "Click to show all stack frames", "Click to hide stack frames")'>Click to show all stack frames</a>
<div class='stack-trace' id='stack-trace1803890702'><pre>java.lang.AssertionError: Fail URL: https://p6-qa.samsung.com/my/business/smart-signage/others/bec-h-biztv-uhd-4k-biztv-lh50bechlgkxxm expected [true] but found [false]
	at org.testng.Assert.fail(Assert.java:99)
	at org.testng.Assert.failNotEquals(Assert.java:1037)
	at org.testng.Assert.assertTrue(Assert.java:45)
	at projectss.testcases.MetaTest.verifyExistOfMetaContent(MetaTest.java:122)
	at sun.reflect.NativeMethodAccessorImpl.invoke0(Native Method)
	at sun.reflect.NativeMethodAccessorImpl.invoke(NativeMethodAccessorImpl.java:62)
	at sun.reflect.DelegatingMethodAccessorImpl.invoke(DelegatingMethodAccessorImpl.java:43)
	at java.lang.reflect.Method.invoke(Method.java:498)
	at org.testng.internal.MethodInvocationHelper.invokeMethod(MethodInvocationHelper.java:133)
	at org.testng.internal.TestInvoker.invokeMethod(TestInvoker.java:598)
	at org.testng.internal.TestInvoker.invokeTestMethod(TestInvoker.java:173)
	at org.testng.internal.MethodRunner.runInSequence(MethodRunner.java:46)
	at org.testng.internal.TestInvoker$MethodInvocationAgent.invoke(TestInvoker.java:824)
	at org.testng.internal.TestInvoker.invokeTestMethods(TestInvoker.java:146)
	at org.testng.internal.TestMethodWorker.invokeTestMethods(TestMethodWorker.java:146)
	at org.testng.internal.TestMethodWorker.run(TestMethodWorker.java:128)
	at java.util.ArrayList.forEach(ArrayList.java:1259)
	at org.testng.TestRunner.privateRun(TestRunner.java:794)
	at org.testng.TestRunner.run(TestRunner.java:596)
	at org.testng.SuiteRunner.runTest(SuiteRunner.java:377)
	at org.testng.SuiteRunner.runSequentially(SuiteRunner.java:371)
	at org.testng.SuiteRunner.privateRun(SuiteRunner.java:332)
	at org.testng.SuiteRunner.run(SuiteRunner.java:276)
	at org.testng.SuiteRunnerWorker.runSuite(SuiteRunnerWorker.java:53)
	at org.testng.SuiteRunnerWorker.run(SuiteRunnerWorker.java:96)
	at org.testng.TestNG.runSuitesSequentially(TestNG.java:1212)
	at org.testng.TestNG.runSuitesLocally(TestNG.java:1134)
	at org.testng.TestNG.runSuites(TestNG.java:1063)
	at org.testng.TestNG.run(TestNG.java:1031)
	at com.intellij.rt.testng.IDEARemoteTestNG.run(IDEARemoteTestNG.java:66)
	at com.intellij.rt.testng.RemoteTestNGStarter.main(RemoteTestNGStarter.java:105)
</pre></div></td>
<td>10</td>
<td>projectss.testcases.MetaTest@5a1c0542</td></tr>
<tr>
<td title='projectss.testcases.MetaTest.verifyExistOfMetaContent()'><b>verifyExistOfMetaContent</b><br>Test class: projectss.testcases.MetaTest<br>Parameters: https://p6-qa.samsung.com/my/business/smart-signage/interactive-display/qbr-t-fhd-1080p-capacitive-touch-14ms-lh24qbrtbgcxxs</td>
<td><div><pre>java.lang.AssertionError: Fail URL: https://p6-qa.samsung.com/my/business/smart-signage/interactive-display/qbr-t-fhd-1080p-capacitive-touch-14ms-lh24qbrtbgcxxs expected [true] but found [false]
	at projectss.testcases.MetaTest.verifyExistOfMetaContent(MetaTest.java:122)
	at java.util.ArrayList.forEach(ArrayList.java:1259)
	at com.intellij.rt.testng.IDEARemoteTestNG.run(IDEARemoteTestNG.java:66)
	at com.intellij.rt.testng.RemoteTestNGStarter.main(RemoteTestNGStarter.java:105)
... Removed 26 stack frames</pre></div><a href='#' onClick='toggleBox("stack-trace641896206", this, "Click to show all stack frames", "Click to hide stack frames")'>Click to show all stack frames</a>
<div class='stack-trace' id='stack-trace641896206'><pre>java.lang.AssertionError: Fail URL: https://p6-qa.samsung.com/my/business/smart-signage/interactive-display/qbr-t-fhd-1080p-capacitive-touch-14ms-lh24qbrtbgcxxs expected [true] but found [false]
	at org.testng.Assert.fail(Assert.java:99)
	at org.testng.Assert.failNotEquals(Assert.java:1037)
	at org.testng.Assert.assertTrue(Assert.java:45)
	at projectss.testcases.MetaTest.verifyExistOfMetaContent(MetaTest.java:122)
	at sun.reflect.GeneratedMethodAccessor2.invoke(Unknown Source)
	at sun.reflect.DelegatingMethodAccessorImpl.invoke(DelegatingMethodAccessorImpl.java:43)
	at java.lang.reflect.Method.invoke(Method.java:498)
	at org.testng.internal.MethodInvocationHelper.invokeMethod(MethodInvocationHelper.java:133)
	at org.testng.internal.TestInvoker.invokeMethod(TestInvoker.java:598)
	at org.testng.internal.TestInvoker.invokeTestMethod(TestInvoker.java:173)
	at org.testng.internal.MethodRunner.runInSequence(MethodRunner.java:46)
	at org.testng.internal.TestInvoker$MethodInvocationAgent.invoke(TestInvoker.java:824)
	at org.testng.internal.TestInvoker.invokeTestMethods(TestInvoker.java:146)
	at org.testng.internal.TestMethodWorker.invokeTestMethods(TestMethodWorker.java:146)
	at org.testng.internal.TestMethodWorker.run(TestMethodWorker.java:128)
	at java.util.ArrayList.forEach(ArrayList.java:1259)
	at org.testng.TestRunner.privateRun(TestRunner.java:794)
	at org.testng.TestRunner.run(TestRunner.java:596)
	at org.testng.SuiteRunner.runTest(SuiteRunner.java:377)
	at org.testng.SuiteRunner.runSequentially(SuiteRunner.java:371)
	at org.testng.SuiteRunner.privateRun(SuiteRunner.java:332)
	at org.testng.SuiteRunner.run(SuiteRunner.java:276)
	at org.testng.SuiteRunnerWorker.runSuite(SuiteRunnerWorker.java:53)
	at org.testng.SuiteRunnerWorker.run(SuiteRunnerWorker.java:96)
	at org.testng.TestNG.runSuitesSequentially(TestNG.java:1212)
	at org.testng.TestNG.runSuitesLocally(TestNG.java:1134)
	at org.testng.TestNG.runSuites(TestNG.java:1063)
	at org.testng.TestNG.run(TestNG.java:1031)
	at com.intellij.rt.testng.IDEARemoteTestNG.run(IDEARemoteTestNG.java:66)
	at com.intellij.rt.testng.RemoteTestNGStarter.main(RemoteTestNGStarter.java:105)
</pre></div></td>
<td>3</td>
<td>projectss.testcases.MetaTest@5a1c0542</td></tr>
<tr>
<td title='projectss.testcases.MetaTest.verifyExistOfMetaContent()'><b>verifyExistOfMetaContent</b><br>Test class: projectss.testcases.MetaTest<br>Parameters: https://p6-qa.samsung.com/my/business/smart-signage/outdoor-signage/omn-s-4000nit-24hr-ip5x-lh55omnesgbxxs</td>
<td><div><pre>java.lang.AssertionError: Fail URL: https://p6-qa.samsung.com/my/business/smart-signage/outdoor-signage/omn-s-4000nit-24hr-ip5x-lh55omnesgbxxs expected [true] but found [false]
	at projectss.testcases.MetaTest.verifyExistOfMetaContent(MetaTest.java:122)
	at java.util.ArrayList.forEach(ArrayList.java:1259)
	at com.intellij.rt.testng.IDEARemoteTestNG.run(IDEARemoteTestNG.java:66)
	at com.intellij.rt.testng.RemoteTestNGStarter.main(RemoteTestNGStarter.java:105)
... Removed 26 stack frames</pre></div><a href='#' onClick='toggleBox("stack-trace742836488", this, "Click to show all stack frames", "Click to hide stack frames")'>Click to show all stack frames</a>
<div class='stack-trace' id='stack-trace742836488'><pre>java.lang.AssertionError: Fail URL: https://p6-qa.samsung.com/my/business/smart-signage/outdoor-signage/omn-s-4000nit-24hr-ip5x-lh55omnesgbxxs expected [true] but found [false]
	at org.testng.Assert.fail(Assert.java:99)
	at org.testng.Assert.failNotEquals(Assert.java:1037)
	at org.testng.Assert.assertTrue(Assert.java:45)
	at projectss.testcases.MetaTest.verifyExistOfMetaContent(MetaTest.java:122)
	at sun.reflect.GeneratedMethodAccessor2.invoke(Unknown Source)
	at sun.reflect.DelegatingMethodAccessorImpl.invoke(DelegatingMethodAccessorImpl.java:43)
	at java.lang.reflect.Method.invoke(Method.java:498)
	at org.testng.internal.MethodInvocationHelper.invokeMethod(MethodInvocationHelper.java:133)
	at org.testng.internal.TestInvoker.invokeMethod(TestInvoker.java:598)
	at org.testng.internal.TestInvoker.invokeTestMethod(TestInvoker.java:173)
	at org.testng.internal.MethodRunner.runInSequence(MethodRunner.java:46)
	at org.testng.internal.TestInvoker$MethodInvocationAgent.invoke(TestInvoker.java:824)
	at org.testng.internal.TestInvoker.invokeTestMethods(TestInvoker.java:146)
	at org.testng.internal.TestMethodWorker.invokeTestMethods(TestMethodWorker.java:146)
	at org.testng.internal.TestMethodWorker.run(TestMethodWorker.java:128)
	at java.util.ArrayList.forEach(ArrayList.java:1259)
	at org.testng.TestRunner.privateRun(TestRunner.java:794)
	at org.testng.TestRunner.run(TestRunner.java:596)
	at org.testng.SuiteRunner.runTest(SuiteRunner.java:377)
	at org.testng.SuiteRunner.runSequentially(SuiteRunner.java:371)
	at org.testng.SuiteRunner.privateRun(SuiteRunner.java:332)
	at org.testng.SuiteRunner.run(SuiteRunner.java:276)
	at org.testng.SuiteRunnerWorker.runSuite(SuiteRunnerWorker.java:53)
	at org.testng.SuiteRunnerWorker.run(SuiteRunnerWorker.java:96)
	at org.testng.TestNG.runSuitesSequentially(TestNG.java:1212)
	at org.testng.TestNG.runSuitesLocally(TestNG.java:1134)
	at org.testng.TestNG.runSuites(TestNG.java:1063)
	at org.testng.TestNG.run(TestNG.java:1031)
	at com.intellij.rt.testng.IDEARemoteTestNG.run(IDEARemoteTestNG.java:66)
	at com.intellij.rt.testng.RemoteTestNGStarter.main(RemoteTestNGStarter.java:105)
</pre></div></td>
<td>4</td>
<td>projectss.testcases.MetaTest@5a1c0542</td></tr>
<tr>
<td title='projectss.testcases.MetaTest.verifyExistOfMetaContent()'><b>verifyExistOfMetaContent</b><br>Test class: projectss.testcases.MetaTest<br>Parameters: https://p6-qa.samsung.com/my/business/led-signage/the-wall/the-wall-all-in-one-lh008iabmus-xs</td>
<td><div><pre>java.lang.AssertionError: Fail URL: https://p6-qa.samsung.com/my/business/led-signage/the-wall/the-wall-all-in-one-lh008iabmus-xs expected [true] but found [false]
	at projectss.testcases.MetaTest.verifyExistOfMetaContent(MetaTest.java:122)
	at java.util.ArrayList.forEach(ArrayList.java:1259)
	at com.intellij.rt.testng.IDEARemoteTestNG.run(IDEARemoteTestNG.java:66)
	at com.intellij.rt.testng.RemoteTestNGStarter.main(RemoteTestNGStarter.java:105)
... Removed 26 stack frames</pre></div><a href='#' onClick='toggleBox("stack-trace555621201", this, "Click to show all stack frames", "Click to hide stack frames")'>Click to show all stack frames</a>
<div class='stack-trace' id='stack-trace555621201'><pre>java.lang.AssertionError: Fail URL: https://p6-qa.samsung.com/my/business/led-signage/the-wall/the-wall-all-in-one-lh008iabmus-xs expected [true] but found [false]
	at org.testng.Assert.fail(Assert.java:99)
	at org.testng.Assert.failNotEquals(Assert.java:1037)
	at org.testng.Assert.assertTrue(Assert.java:45)
	at projectss.testcases.MetaTest.verifyExistOfMetaContent(MetaTest.java:122)
	at sun.reflect.GeneratedMethodAccessor2.invoke(Unknown Source)
	at sun.reflect.DelegatingMethodAccessorImpl.invoke(DelegatingMethodAccessorImpl.java:43)
	at java.lang.reflect.Method.invoke(Method.java:498)
	at org.testng.internal.MethodInvocationHelper.invokeMethod(MethodInvocationHelper.java:133)
	at org.testng.internal.TestInvoker.invokeMethod(TestInvoker.java:598)
	at org.testng.internal.TestInvoker.invokeTestMethod(TestInvoker.java:173)
	at org.testng.internal.MethodRunner.runInSequence(MethodRunner.java:46)
	at org.testng.internal.TestInvoker$MethodInvocationAgent.invoke(TestInvoker.java:824)
	at org.testng.internal.TestInvoker.invokeTestMethods(TestInvoker.java:146)
	at org.testng.internal.TestMethodWorker.invokeTestMethods(TestMethodWorker.java:146)
	at org.testng.internal.TestMethodWorker.run(TestMethodWorker.java:128)
	at java.util.ArrayList.forEach(ArrayList.java:1259)
	at org.testng.TestRunner.privateRun(TestRunner.java:794)
	at org.testng.TestRunner.run(TestRunner.java:596)
	at org.testng.SuiteRunner.runTest(SuiteRunner.java:377)
	at org.testng.SuiteRunner.runSequentially(SuiteRunner.java:371)
	at org.testng.SuiteRunner.privateRun(SuiteRunner.java:332)
	at org.testng.SuiteRunner.run(SuiteRunner.java:276)
	at org.testng.SuiteRunnerWorker.runSuite(SuiteRunnerWorker.java:53)
	at org.testng.SuiteRunnerWorker.run(SuiteRunnerWorker.java:96)
	at org.testng.TestNG.runSuitesSequentially(TestNG.java:1212)
	at org.testng.TestNG.runSuitesLocally(TestNG.java:1134)
	at org.testng.TestNG.runSuites(TestNG.java:1063)
	at org.testng.TestNG.run(TestNG.java:1031)
	at com.intellij.rt.testng.IDEARemoteTestNG.run(IDEARemoteTestNG.java:66)
	at com.intellij.rt.testng.RemoteTestNGStarter.main(RemoteTestNGStarter.java:105)
</pre></div></td>
<td>9</td>
<td>projectss.testcases.MetaTest@5a1c0542</td></tr>
<tr>
<td title='projectss.testcases.MetaTest.verifyExistOfMetaContent()'><b>verifyExistOfMetaContent</b><br>Test class: projectss.testcases.MetaTest<br>Parameters: https://p6-qa.samsung.com/my/business/smart-signage/uhd-4k-signage/qmb-quantum-processor-4k-signage-lh75qmbebgcxxs</td>
<td><div><pre>java.lang.AssertionError: Fail URL: https://p6-qa.samsung.com/my/business/smart-signage/uhd-4k-signage/qmb-quantum-processor-4k-signage-lh75qmbebgcxxs expected [true] but found [false]
	at projectss.testcases.MetaTest.verifyExistOfMetaContent(MetaTest.java:122)
	at java.util.ArrayList.forEach(ArrayList.java:1259)
	at com.intellij.rt.testng.IDEARemoteTestNG.run(IDEARemoteTestNG.java:66)
	at com.intellij.rt.testng.RemoteTestNGStarter.main(RemoteTestNGStarter.java:105)
... Removed 26 stack frames</pre></div><a href='#' onClick='toggleBox("stack-trace1430579862", this, "Click to show all stack frames", "Click to hide stack frames")'>Click to show all stack frames</a>
<div class='stack-trace' id='stack-trace1430579862'><pre>java.lang.AssertionError: Fail URL: https://p6-qa.samsung.com/my/business/smart-signage/uhd-4k-signage/qmb-quantum-processor-4k-signage-lh75qmbebgcxxs expected [true] but found [false]
	at org.testng.Assert.fail(Assert.java:99)
	at org.testng.Assert.failNotEquals(Assert.java:1037)
	at org.testng.Assert.assertTrue(Assert.java:45)
	at projectss.testcases.MetaTest.verifyExistOfMetaContent(MetaTest.java:122)
	at sun.reflect.GeneratedMethodAccessor2.invoke(Unknown Source)
	at sun.reflect.DelegatingMethodAccessorImpl.invoke(DelegatingMethodAccessorImpl.java:43)
	at java.lang.reflect.Method.invoke(Method.java:498)
	at org.testng.internal.MethodInvocationHelper.invokeMethod(MethodInvocationHelper.java:133)
	at org.testng.internal.TestInvoker.invokeMethod(TestInvoker.java:598)
	at org.testng.internal.TestInvoker.invokeTestMethod(TestInvoker.java:173)
	at org.testng.internal.MethodRunner.runInSequence(MethodRunner.java:46)
	at org.testng.internal.TestInvoker$MethodInvocationAgent.invoke(TestInvoker.java:824)
	at org.testng.internal.TestInvoker.invokeTestMethods(TestInvoker.java:146)
	at org.testng.internal.TestMethodWorker.invokeTestMethods(TestMethodWorker.java:146)
	at org.testng.internal.TestMethodWorker.run(TestMethodWorker.java:128)
	at java.util.ArrayList.forEach(ArrayList.java:1259)
	at org.testng.TestRunner.privateRun(TestRunner.java:794)
	at org.testng.TestRunner.run(TestRunner.java:596)
	at org.testng.SuiteRunner.runTest(SuiteRunner.java:377)
	at org.testng.SuiteRunner.runSequentially(SuiteRunner.java:371)
	at org.testng.SuiteRunner.privateRun(SuiteRunner.java:332)
	at org.testng.SuiteRunner.run(SuiteRunner.java:276)
	at org.testng.SuiteRunnerWorker.runSuite(SuiteRunnerWorker.java:53)
	at org.testng.SuiteRunnerWorker.run(SuiteRunnerWorker.java:96)
	at org.testng.TestNG.runSuitesSequentially(TestNG.java:1212)
	at org.testng.TestNG.runSuitesLocally(TestNG.java:1134)
	at org.testng.TestNG.runSuites(TestNG.java:1063)
	at org.testng.TestNG.run(TestNG.java:1031)
	at com.intellij.rt.testng.IDEARemoteTestNG.run(IDEARemoteTestNG.java:66)
	at com.intellij.rt.testng.RemoteTestNGStarter.main(RemoteTestNGStarter.java:105)
</pre></div></td>
<td>5</td>
<td>projectss.testcases.MetaTest@5a1c0542</td></tr>
<tr>
<td title='projectss.testcases.MetaTest.verifyExistOfMetaContent()'><b>verifyExistOfMetaContent</b><br>Test class: projectss.testcases.MetaTest<br>Parameters: https://p6-qa.samsung.com/my/business/smart-signage/uhd-4k-signage/qhb-quantum-processor-4k-signage-lh65qhbebgcxxs</td>
<td><div><pre>java.lang.AssertionError: Fail URL: https://p6-qa.samsung.com/my/business/smart-signage/uhd-4k-signage/qhb-quantum-processor-4k-signage-lh65qhbebgcxxs expected [true] but found [false]
	at projectss.testcases.MetaTest.verifyExistOfMetaContent(MetaTest.java:122)
	at java.util.ArrayList.forEach(ArrayList.java:1259)
	at com.intellij.rt.testng.IDEARemoteTestNG.run(IDEARemoteTestNG.java:66)
	at com.intellij.rt.testng.RemoteTestNGStarter.main(RemoteTestNGStarter.java:105)
... Removed 26 stack frames</pre></div><a href='#' onClick='toggleBox("stack-trace1341036477", this, "Click to show all stack frames", "Click to hide stack frames")'>Click to show all stack frames</a>
<div class='stack-trace' id='stack-trace1341036477'><pre>java.lang.AssertionError: Fail URL: https://p6-qa.samsung.com/my/business/smart-signage/uhd-4k-signage/qhb-quantum-processor-4k-signage-lh65qhbebgcxxs expected [true] but found [false]
	at org.testng.Assert.fail(Assert.java:99)
	at org.testng.Assert.failNotEquals(Assert.java:1037)
	at org.testng.Assert.assertTrue(Assert.java:45)
	at projectss.testcases.MetaTest.verifyExistOfMetaContent(MetaTest.java:122)
	at sun.reflect.GeneratedMethodAccessor2.invoke(Unknown Source)
	at sun.reflect.DelegatingMethodAccessorImpl.invoke(DelegatingMethodAccessorImpl.java:43)
	at java.lang.reflect.Method.invoke(Method.java:498)
	at org.testng.internal.MethodInvocationHelper.invokeMethod(MethodInvocationHelper.java:133)
	at org.testng.internal.TestInvoker.invokeMethod(TestInvoker.java:598)
	at org.testng.internal.TestInvoker.invokeTestMethod(TestInvoker.java:173)
	at org.testng.internal.MethodRunner.runInSequence(MethodRunner.java:46)
	at org.testng.internal.TestInvoker$MethodInvocationAgent.invoke(TestInvoker.java:824)
	at org.testng.internal.TestInvoker.invokeTestMethods(TestInvoker.java:146)
	at org.testng.internal.TestMethodWorker.invokeTestMethods(TestMethodWorker.java:146)
	at org.testng.internal.TestMethodWorker.run(TestMethodWorker.java:128)
	at java.util.ArrayList.forEach(ArrayList.java:1259)
	at org.testng.TestRunner.privateRun(TestRunner.java:794)
	at org.testng.TestRunner.run(TestRunner.java:596)
	at org.testng.SuiteRunner.runTest(SuiteRunner.java:377)
	at org.testng.SuiteRunner.runSequentially(SuiteRunner.java:371)
	at org.testng.SuiteRunner.privateRun(SuiteRunner.java:332)
	at org.testng.SuiteRunner.run(SuiteRunner.java:276)
	at org.testng.SuiteRunnerWorker.runSuite(SuiteRunnerWorker.java:53)
	at org.testng.SuiteRunnerWorker.run(SuiteRunnerWorker.java:96)
	at org.testng.TestNG.runSuitesSequentially(TestNG.java:1212)
	at org.testng.TestNG.runSuitesLocally(TestNG.java:1134)
	at org.testng.TestNG.runSuites(TestNG.java:1063)
	at org.testng.TestNG.run(TestNG.java:1031)
	at com.intellij.rt.testng.IDEARemoteTestNG.run(IDEARemoteTestNG.java:66)
	at com.intellij.rt.testng.RemoteTestNGStarter.main(RemoteTestNGStarter.java:105)
</pre></div></td>
<td>4</td>
<td>projectss.testcases.MetaTest@5a1c0542</td></tr>
<tr>
<td title='projectss.testcases.MetaTest.verifyExistOfMetaContent()'><b>verifyExistOfMetaContent</b><br>Test class: projectss.testcases.MetaTest<br>Parameters: https://p6-qa.samsung.com/my/business/smart-signage/interactive-display/samsung-kiosk-with-windows-os-lh24kmc3bgcxxs</td>
<td><div><pre>java.lang.AssertionError: Fail URL: https://p6-qa.samsung.com/my/business/smart-signage/interactive-display/samsung-kiosk-with-windows-os-lh24kmc3bgcxxs expected [true] but found [false]
	at projectss.testcases.MetaTest.verifyExistOfMetaContent(MetaTest.java:122)
	at java.util.ArrayList.forEach(ArrayList.java:1259)
	at com.intellij.rt.testng.IDEARemoteTestNG.run(IDEARemoteTestNG.java:66)
	at com.intellij.rt.testng.RemoteTestNGStarter.main(RemoteTestNGStarter.java:105)
... Removed 27 stack frames</pre></div><a href='#' onClick='toggleBox("stack-trace1418129042", this, "Click to show all stack frames", "Click to hide stack frames")'>Click to show all stack frames</a>
<div class='stack-trace' id='stack-trace1418129042'><pre>java.lang.AssertionError: Fail URL: https://p6-qa.samsung.com/my/business/smart-signage/interactive-display/samsung-kiosk-with-windows-os-lh24kmc3bgcxxs expected [true] but found [false]
	at org.testng.Assert.fail(Assert.java:99)
	at org.testng.Assert.failNotEquals(Assert.java:1037)
	at org.testng.Assert.assertTrue(Assert.java:45)
	at projectss.testcases.MetaTest.verifyExistOfMetaContent(MetaTest.java:122)
	at sun.reflect.NativeMethodAccessorImpl.invoke0(Native Method)
	at sun.reflect.NativeMethodAccessorImpl.invoke(NativeMethodAccessorImpl.java:62)
	at sun.reflect.DelegatingMethodAccessorImpl.invoke(DelegatingMethodAccessorImpl.java:43)
	at java.lang.reflect.Method.invoke(Method.java:498)
	at org.testng.internal.MethodInvocationHelper.invokeMethod(MethodInvocationHelper.java:133)
	at org.testng.internal.TestInvoker.invokeMethod(TestInvoker.java:598)
	at org.testng.internal.TestInvoker.invokeTestMethod(TestInvoker.java:173)
	at org.testng.internal.MethodRunner.runInSequence(MethodRunner.java:46)
	at org.testng.internal.TestInvoker$MethodInvocationAgent.invoke(TestInvoker.java:824)
	at org.testng.internal.TestInvoker.invokeTestMethods(TestInvoker.java:146)
	at org.testng.internal.TestMethodWorker.invokeTestMethods(TestMethodWorker.java:146)
	at org.testng.internal.TestMethodWorker.run(TestMethodWorker.java:128)
	at java.util.ArrayList.forEach(ArrayList.java:1259)
	at org.testng.TestRunner.privateRun(TestRunner.java:794)
	at org.testng.TestRunner.run(TestRunner.java:596)
	at org.testng.SuiteRunner.runTest(SuiteRunner.java:377)
	at org.testng.SuiteRunner.runSequentially(SuiteRunner.java:371)
	at org.testng.SuiteRunner.privateRun(SuiteRunner.java:332)
	at org.testng.SuiteRunner.run(SuiteRunner.java:276)
	at org.testng.SuiteRunnerWorker.runSuite(SuiteRunnerWorker.java:53)
	at org.testng.SuiteRunnerWorker.run(SuiteRunnerWorker.java:96)
	at org.testng.TestNG.runSuitesSequentially(TestNG.java:1212)
	at org.testng.TestNG.runSuitesLocally(TestNG.java:1134)
	at org.testng.TestNG.runSuites(TestNG.java:1063)
	at org.testng.TestNG.run(TestNG.java:1031)
	at com.intellij.rt.testng.IDEARemoteTestNG.run(IDEARemoteTestNG.java:66)
	at com.intellij.rt.testng.RemoteTestNGStarter.main(RemoteTestNGStarter.java:105)
</pre></div></td>
<td>3</td>
<td>projectss.testcases.MetaTest@5a1c0542</td></tr>
<tr>
<td title='projectss.testcases.MetaTest.verifyExistOfMetaContent()'><b>verifyExistOfMetaContent</b><br>Test class: projectss.testcases.MetaTest<br>Parameters: https://p6-qa.samsung.com/my/business/smart-signage/uhd-4k-signage/crystal-uhd-signage-qmc-85-inch-lh85qmcebgcxxs</td>
<td><div><pre>java.lang.AssertionError: Fail URL: https://p6-qa.samsung.com/my/business/smart-signage/uhd-4k-signage/crystal-uhd-signage-qmc-85-inch-lh85qmcebgcxxs expected [true] but found [false]
	at projectss.testcases.MetaTest.verifyExistOfMetaContent(MetaTest.java:122)
	at java.util.ArrayList.forEach(ArrayList.java:1259)
	at com.intellij.rt.testng.IDEARemoteTestNG.run(IDEARemoteTestNG.java:66)
	at com.intellij.rt.testng.RemoteTestNGStarter.main(RemoteTestNGStarter.java:105)
... Removed 27 stack frames</pre></div><a href='#' onClick='toggleBox("stack-trace1017203956", this, "Click to show all stack frames", "Click to hide stack frames")'>Click to show all stack frames</a>
<div class='stack-trace' id='stack-trace1017203956'><pre>java.lang.AssertionError: Fail URL: https://p6-qa.samsung.com/my/business/smart-signage/uhd-4k-signage/crystal-uhd-signage-qmc-85-inch-lh85qmcebgcxxs expected [true] but found [false]
	at org.testng.Assert.fail(Assert.java:99)
	at org.testng.Assert.failNotEquals(Assert.java:1037)
	at org.testng.Assert.assertTrue(Assert.java:45)
	at projectss.testcases.MetaTest.verifyExistOfMetaContent(MetaTest.java:122)
	at sun.reflect.NativeMethodAccessorImpl.invoke0(Native Method)
	at sun.reflect.NativeMethodAccessorImpl.invoke(NativeMethodAccessorImpl.java:62)
	at sun.reflect.DelegatingMethodAccessorImpl.invoke(DelegatingMethodAccessorImpl.java:43)
	at java.lang.reflect.Method.invoke(Method.java:498)
	at org.testng.internal.MethodInvocationHelper.invokeMethod(MethodInvocationHelper.java:133)
	at org.testng.internal.TestInvoker.invokeMethod(TestInvoker.java:598)
	at org.testng.internal.TestInvoker.invokeTestMethod(TestInvoker.java:173)
	at org.testng.internal.MethodRunner.runInSequence(MethodRunner.java:46)
	at org.testng.internal.TestInvoker$MethodInvocationAgent.invoke(TestInvoker.java:824)
	at org.testng.internal.TestInvoker.invokeTestMethods(TestInvoker.java:146)
	at org.testng.internal.TestMethodWorker.invokeTestMethods(TestMethodWorker.java:146)
	at org.testng.internal.TestMethodWorker.run(TestMethodWorker.java:128)
	at java.util.ArrayList.forEach(ArrayList.java:1259)
	at org.testng.TestRunner.privateRun(TestRunner.java:794)
	at org.testng.TestRunner.run(TestRunner.java:596)
	at org.testng.SuiteRunner.runTest(SuiteRunner.java:377)
	at org.testng.SuiteRunner.runSequentially(SuiteRunner.java:371)
	at org.testng.SuiteRunner.privateRun(SuiteRunner.java:332)
	at org.testng.SuiteRunner.run(SuiteRunner.java:276)
	at org.testng.SuiteRunnerWorker.runSuite(SuiteRunnerWorker.java:53)
	at org.testng.SuiteRunnerWorker.run(SuiteRunnerWorker.java:96)
	at org.testng.TestNG.runSuitesSequentially(TestNG.java:1212)
	at org.testng.TestNG.runSuitesLocally(TestNG.java:1134)
	at org.testng.TestNG.runSuites(TestNG.java:1063)
	at org.testng.TestNG.run(TestNG.java:1031)
	at com.intellij.rt.testng.IDEARemoteTestNG.run(IDEARemoteTestNG.java:66)
	at com.intellij.rt.testng.RemoteTestNGStarter.main(RemoteTestNGStarter.java:105)
</pre></div></td>
<td>6</td>
<td>projectss.testcases.MetaTest@5a1c0542</td></tr>
<tr>
<td title='projectss.testcases.MetaTest.verifyExistOfMetaContent()'><b>verifyExistOfMetaContent</b><br>Test class: projectss.testcases.MetaTest<br>Parameters: https://p6-qa.samsung.com/my/business/smart-signage/interactive-display/qb24c-t-small-digital-signage-lh24qbctbgcxxs</td>
<td><div><pre>java.lang.AssertionError: Fail URL: https://p6-qa.samsung.com/my/business/smart-signage/interactive-display/qb24c-t-small-digital-signage-lh24qbctbgcxxs expected [true] but found [false]
	at projectss.testcases.MetaTest.verifyExistOfMetaContent(MetaTest.java:122)
	at java.util.ArrayList.forEach(ArrayList.java:1259)
	at com.intellij.rt.testng.IDEARemoteTestNG.run(IDEARemoteTestNG.java:66)
	at com.intellij.rt.testng.RemoteTestNGStarter.main(RemoteTestNGStarter.java:105)
... Removed 26 stack frames</pre></div><a href='#' onClick='toggleBox("stack-trace2121705071", this, "Click to show all stack frames", "Click to hide stack frames")'>Click to show all stack frames</a>
<div class='stack-trace' id='stack-trace2121705071'><pre>java.lang.AssertionError: Fail URL: https://p6-qa.samsung.com/my/business/smart-signage/interactive-display/qb24c-t-small-digital-signage-lh24qbctbgcxxs expected [true] but found [false]
	at org.testng.Assert.fail(Assert.java:99)
	at org.testng.Assert.failNotEquals(Assert.java:1037)
	at org.testng.Assert.assertTrue(Assert.java:45)
	at projectss.testcases.MetaTest.verifyExistOfMetaContent(MetaTest.java:122)
	at sun.reflect.GeneratedMethodAccessor2.invoke(Unknown Source)
	at sun.reflect.DelegatingMethodAccessorImpl.invoke(DelegatingMethodAccessorImpl.java:43)
	at java.lang.reflect.Method.invoke(Method.java:498)
	at org.testng.internal.MethodInvocationHelper.invokeMethod(MethodInvocationHelper.java:133)
	at org.testng.internal.TestInvoker.invokeMethod(TestInvoker.java:598)
	at org.testng.internal.TestInvoker.invokeTestMethod(TestInvoker.java:173)
	at org.testng.internal.MethodRunner.runInSequence(MethodRunner.java:46)
	at org.testng.internal.TestInvoker$MethodInvocationAgent.invoke(TestInvoker.java:824)
	at org.testng.internal.TestInvoker.invokeTestMethods(TestInvoker.java:146)
	at org.testng.internal.TestMethodWorker.invokeTestMethods(TestMethodWorker.java:146)
	at org.testng.internal.TestMethodWorker.run(TestMethodWorker.java:128)
	at java.util.ArrayList.forEach(ArrayList.java:1259)
	at org.testng.TestRunner.privateRun(TestRunner.java:794)
	at org.testng.TestRunner.run(TestRunner.java:596)
	at org.testng.SuiteRunner.runTest(SuiteRunner.java:377)
	at org.testng.SuiteRunner.runSequentially(SuiteRunner.java:371)
	at org.testng.SuiteRunner.privateRun(SuiteRunner.java:332)
	at org.testng.SuiteRunner.run(SuiteRunner.java:276)
	at org.testng.SuiteRunnerWorker.runSuite(SuiteRunnerWorker.java:53)
	at org.testng.SuiteRunnerWorker.run(SuiteRunnerWorker.java:96)
	at org.testng.TestNG.runSuitesSequentially(TestNG.java:1212)
	at org.testng.TestNG.runSuitesLocally(TestNG.java:1134)
	at org.testng.TestNG.runSuites(TestNG.java:1063)
	at org.testng.TestNG.run(TestNG.java:1031)
	at com.intellij.rt.testng.IDEARemoteTestNG.run(IDEARemoteTestNG.java:66)
	at com.intellij.rt.testng.RemoteTestNGStarter.main(RemoteTestNGStarter.java:105)
</pre></div></td>
<td>3</td>
<td>projectss.testcases.MetaTest@5a1c0542</td></tr>
<tr>
<td title='projectss.testcases.MetaTest.verifyExistOfMetaContent()'><b>verifyExistOfMetaContent</b><br>Test class: projectss.testcases.MetaTest<br>Parameters: https://p6-qa.samsung.com/my/business/smart-signage/others/bec-h-biztv-uhd-4k-biztv-lh75bechlgkxxm</td>
<td><div><pre>java.lang.AssertionError: Fail URL: https://p6-qa.samsung.com/my/business/smart-signage/others/bec-h-biztv-uhd-4k-biztv-lh75bechlgkxxm expected [true] but found [false]
	at projectss.testcases.MetaTest.verifyExistOfMetaContent(MetaTest.java:122)
	at java.util.ArrayList.forEach(ArrayList.java:1259)
	at com.intellij.rt.testng.IDEARemoteTestNG.run(IDEARemoteTestNG.java:66)
	at com.intellij.rt.testng.RemoteTestNGStarter.main(RemoteTestNGStarter.java:105)
... Removed 27 stack frames</pre></div><a href='#' onClick='toggleBox("stack-trace1751753651", this, "Click to show all stack frames", "Click to hide stack frames")'>Click to show all stack frames</a>
<div class='stack-trace' id='stack-trace1751753651'><pre>java.lang.AssertionError: Fail URL: https://p6-qa.samsung.com/my/business/smart-signage/others/bec-h-biztv-uhd-4k-biztv-lh75bechlgkxxm expected [true] but found [false]
	at org.testng.Assert.fail(Assert.java:99)
	at org.testng.Assert.failNotEquals(Assert.java:1037)
	at org.testng.Assert.assertTrue(Assert.java:45)
	at projectss.testcases.MetaTest.verifyExistOfMetaContent(MetaTest.java:122)
	at sun.reflect.NativeMethodAccessorImpl.invoke0(Native Method)
	at sun.reflect.NativeMethodAccessorImpl.invoke(NativeMethodAccessorImpl.java:62)
	at sun.reflect.DelegatingMethodAccessorImpl.invoke(DelegatingMethodAccessorImpl.java:43)
	at java.lang.reflect.Method.invoke(Method.java:498)
	at org.testng.internal.MethodInvocationHelper.invokeMethod(MethodInvocationHelper.java:133)
	at org.testng.internal.TestInvoker.invokeMethod(TestInvoker.java:598)
	at org.testng.internal.TestInvoker.invokeTestMethod(TestInvoker.java:173)
	at org.testng.internal.MethodRunner.runInSequence(MethodRunner.java:46)
	at org.testng.internal.TestInvoker$MethodInvocationAgent.invoke(TestInvoker.java:824)
	at org.testng.internal.TestInvoker.invokeTestMethods(TestInvoker.java:146)
	at org.testng.internal.TestMethodWorker.invokeTestMethods(TestMethodWorker.java:146)
	at org.testng.internal.TestMethodWorker.run(TestMethodWorker.java:128)
	at java.util.ArrayList.forEach(ArrayList.java:1259)
	at org.testng.TestRunner.privateRun(TestRunner.java:794)
	at org.testng.TestRunner.run(TestRunner.java:596)
	at org.testng.SuiteRunner.runTest(SuiteRunner.java:377)
	at org.testng.SuiteRunner.runSequentially(SuiteRunner.java:371)
	at org.testng.SuiteRunner.privateRun(SuiteRunner.java:332)
	at org.testng.SuiteRunner.run(SuiteRunner.java:276)
	at org.testng.SuiteRunnerWorker.runSuite(SuiteRunnerWorker.java:53)
	at org.testng.SuiteRunnerWorker.run(SuiteRunnerWorker.java:96)
	at org.testng.TestNG.runSuitesSequentially(TestNG.java:1212)
	at org.testng.TestNG.runSuitesLocally(TestNG.java:1134)
	at org.testng.TestNG.runSuites(TestNG.java:1063)
	at org.testng.TestNG.run(TestNG.java:1031)
	at com.intellij.rt.testng.IDEARemoteTestNG.run(IDEARemoteTestNG.java:66)
	at com.intellij.rt.testng.RemoteTestNGStarter.main(RemoteTestNGStarter.java:105)
</pre></div></td>
<td>3</td>
<td>projectss.testcases.MetaTest@5a1c0542</td></tr>
<tr>
<td title='projectss.testcases.MetaTest.verifyExistOfMetaContent()'><b>verifyExistOfMetaContent</b><br>Test class: projectss.testcases.MetaTest<br>Parameters: https://p6-qa.samsung.com/my/business/smart-signage/others/smart-signage-qm32c-lh32qmcepgcxxs</td>
<td><div><pre>java.lang.AssertionError: Fail URL: https://p6-qa.samsung.com/my/business/smart-signage/others/smart-signage-qm32c-lh32qmcepgcxxs expected [true] but found [false]
	at projectss.testcases.MetaTest.verifyExistOfMetaContent(MetaTest.java:122)
	at java.util.ArrayList.forEach(ArrayList.java:1259)
	at com.intellij.rt.testng.IDEARemoteTestNG.run(IDEARemoteTestNG.java:66)
	at com.intellij.rt.testng.RemoteTestNGStarter.main(RemoteTestNGStarter.java:105)
... Removed 27 stack frames</pre></div><a href='#' onClick='toggleBox("stack-trace2073484941", this, "Click to show all stack frames", "Click to hide stack frames")'>Click to show all stack frames</a>
<div class='stack-trace' id='stack-trace2073484941'><pre>java.lang.AssertionError: Fail URL: https://p6-qa.samsung.com/my/business/smart-signage/others/smart-signage-qm32c-lh32qmcepgcxxs expected [true] but found [false]
	at org.testng.Assert.fail(Assert.java:99)
	at org.testng.Assert.failNotEquals(Assert.java:1037)
	at org.testng.Assert.assertTrue(Assert.java:45)
	at projectss.testcases.MetaTest.verifyExistOfMetaContent(MetaTest.java:122)
	at sun.reflect.NativeMethodAccessorImpl.invoke0(Native Method)
	at sun.reflect.NativeMethodAccessorImpl.invoke(NativeMethodAccessorImpl.java:62)
	at sun.reflect.DelegatingMethodAccessorImpl.invoke(DelegatingMethodAccessorImpl.java:43)
	at java.lang.reflect.Method.invoke(Method.java:498)
	at org.testng.internal.MethodInvocationHelper.invokeMethod(MethodInvocationHelper.java:133)
	at org.testng.internal.TestInvoker.invokeMethod(TestInvoker.java:598)
	at org.testng.internal.TestInvoker.invokeTestMethod(TestInvoker.java:173)
	at org.testng.internal.MethodRunner.runInSequence(MethodRunner.java:46)
	at org.testng.internal.TestInvoker$MethodInvocationAgent.invoke(TestInvoker.java:824)
	at org.testng.internal.TestInvoker.invokeTestMethods(TestInvoker.java:146)
	at org.testng.internal.TestMethodWorker.invokeTestMethods(TestMethodWorker.java:146)
	at org.testng.internal.TestMethodWorker.run(TestMethodWorker.java:128)
	at java.util.ArrayList.forEach(ArrayList.java:1259)
	at org.testng.TestRunner.privateRun(TestRunner.java:794)
	at org.testng.TestRunner.run(TestRunner.java:596)
	at org.testng.SuiteRunner.runTest(SuiteRunner.java:377)
	at org.testng.SuiteRunner.runSequentially(SuiteRunner.java:371)
	at org.testng.SuiteRunner.privateRun(SuiteRunner.java:332)
	at org.testng.SuiteRunner.run(SuiteRunner.java:276)
	at org.testng.SuiteRunnerWorker.runSuite(SuiteRunnerWorker.java:53)
	at org.testng.SuiteRunnerWorker.run(SuiteRunnerWorker.java:96)
	at org.testng.TestNG.runSuitesSequentially(TestNG.java:1212)
	at org.testng.TestNG.runSuitesLocally(TestNG.java:1134)
	at org.testng.TestNG.runSuites(TestNG.java:1063)
	at org.testng.TestNG.run(TestNG.java:1031)
	at com.intellij.rt.testng.IDEARemoteTestNG.run(IDEARemoteTestNG.java:66)
	at com.intellij.rt.testng.RemoteTestNGStarter.main(RemoteTestNGStarter.java:105)
</pre></div></td>
<td>3</td>
<td>projectss.testcases.MetaTest@5a1c0542</td></tr>
<tr>
<td title='projectss.testcases.MetaTest.verifyExistOfMetaContent()'><b>verifyExistOfMetaContent</b><br>Test class: projectss.testcases.MetaTest<br>Parameters: https://p6-qa.samsung.com/my/business/smart-signage/uhd-4k-signage/qhb-quantum-processor-4k-signage-lh43qhbebgcxxs</td>
<td><div><pre>java.lang.AssertionError: Fail URL: https://p6-qa.samsung.com/my/business/smart-signage/uhd-4k-signage/qhb-quantum-processor-4k-signage-lh43qhbebgcxxs expected [true] but found [false]
	at projectss.testcases.MetaTest.verifyExistOfMetaContent(MetaTest.java:122)
	at java.util.ArrayList.forEach(ArrayList.java:1259)
	at com.intellij.rt.testng.IDEARemoteTestNG.run(IDEARemoteTestNG.java:66)
	at com.intellij.rt.testng.RemoteTestNGStarter.main(RemoteTestNGStarter.java:105)
... Removed 26 stack frames</pre></div><a href='#' onClick='toggleBox("stack-trace110059025", this, "Click to show all stack frames", "Click to hide stack frames")'>Click to show all stack frames</a>
<div class='stack-trace' id='stack-trace110059025'><pre>java.lang.AssertionError: Fail URL: https://p6-qa.samsung.com/my/business/smart-signage/uhd-4k-signage/qhb-quantum-processor-4k-signage-lh43qhbebgcxxs expected [true] but found [false]
	at org.testng.Assert.fail(Assert.java:99)
	at org.testng.Assert.failNotEquals(Assert.java:1037)
	at org.testng.Assert.assertTrue(Assert.java:45)
	at projectss.testcases.MetaTest.verifyExistOfMetaContent(MetaTest.java:122)
	at sun.reflect.GeneratedMethodAccessor2.invoke(Unknown Source)
	at sun.reflect.DelegatingMethodAccessorImpl.invoke(DelegatingMethodAccessorImpl.java:43)
	at java.lang.reflect.Method.invoke(Method.java:498)
	at org.testng.internal.MethodInvocationHelper.invokeMethod(MethodInvocationHelper.java:133)
	at org.testng.internal.TestInvoker.invokeMethod(TestInvoker.java:598)
	at org.testng.internal.TestInvoker.invokeTestMethod(TestInvoker.java:173)
	at org.testng.internal.MethodRunner.runInSequence(MethodRunner.java:46)
	at org.testng.internal.TestInvoker$MethodInvocationAgent.invoke(TestInvoker.java:824)
	at org.testng.internal.TestInvoker.invokeTestMethods(TestInvoker.java:146)
	at org.testng.internal.TestMethodWorker.invokeTestMethods(TestMethodWorker.java:146)
	at org.testng.internal.TestMethodWorker.run(TestMethodWorker.java:128)
	at java.util.ArrayList.forEach(ArrayList.java:1259)
	at org.testng.TestRunner.privateRun(TestRunner.java:794)
	at org.testng.TestRunner.run(TestRunner.java:596)
	at org.testng.SuiteRunner.runTest(SuiteRunner.java:377)
	at org.testng.SuiteRunner.runSequentially(SuiteRunner.java:371)
	at org.testng.SuiteRunner.privateRun(SuiteRunner.java:332)
	at org.testng.SuiteRunner.run(SuiteRunner.java:276)
	at org.testng.SuiteRunnerWorker.runSuite(SuiteRunnerWorker.java:53)
	at org.testng.SuiteRunnerWorker.run(SuiteRunnerWorker.java:96)
	at org.testng.TestNG.runSuitesSequentially(TestNG.java:1212)
	at org.testng.TestNG.runSuitesLocally(TestNG.java:1134)
	at org.testng.TestNG.runSuites(TestNG.java:1063)
	at org.testng.TestNG.run(TestNG.java:1031)
	at com.intellij.rt.testng.IDEARemoteTestNG.run(IDEARemoteTestNG.java:66)
	at com.intellij.rt.testng.RemoteTestNGStarter.main(RemoteTestNGStarter.java:105)
</pre></div></td>
<td>3</td>
<td>projectss.testcases.MetaTest@5a1c0542</td></tr>
<tr>
<td title='projectss.testcases.MetaTest.verifyExistOfMetaContent()'><b>verifyExistOfMetaContent</b><br>Test class: projectss.testcases.MetaTest<br>Parameters: https://p6-qa.samsung.com/my/business/smart-signage/others/bec-h-biztv-uhd-4k-biztv-lh65bechlgkxxm</td>
<td><div><pre>java.lang.AssertionError: Fail URL: https://p6-qa.samsung.com/my/business/smart-signage/others/bec-h-biztv-uhd-4k-biztv-lh65bechlgkxxm expected [true] but found [false]
	at projectss.testcases.MetaTest.verifyExistOfMetaContent(MetaTest.java:122)
	at java.util.ArrayList.forEach(ArrayList.java:1259)
	at com.intellij.rt.testng.IDEARemoteTestNG.run(IDEARemoteTestNG.java:66)
	at com.intellij.rt.testng.RemoteTestNGStarter.main(RemoteTestNGStarter.java:105)
... Removed 27 stack frames</pre></div><a href='#' onClick='toggleBox("stack-trace655713354", this, "Click to show all stack frames", "Click to hide stack frames")'>Click to show all stack frames</a>
<div class='stack-trace' id='stack-trace655713354'><pre>java.lang.AssertionError: Fail URL: https://p6-qa.samsung.com/my/business/smart-signage/others/bec-h-biztv-uhd-4k-biztv-lh65bechlgkxxm expected [true] but found [false]
	at org.testng.Assert.fail(Assert.java:99)
	at org.testng.Assert.failNotEquals(Assert.java:1037)
	at org.testng.Assert.assertTrue(Assert.java:45)
	at projectss.testcases.MetaTest.verifyExistOfMetaContent(MetaTest.java:122)
	at sun.reflect.NativeMethodAccessorImpl.invoke0(Native Method)
	at sun.reflect.NativeMethodAccessorImpl.invoke(NativeMethodAccessorImpl.java:62)
	at sun.reflect.DelegatingMethodAccessorImpl.invoke(DelegatingMethodAccessorImpl.java:43)
	at java.lang.reflect.Method.invoke(Method.java:498)
	at org.testng.internal.MethodInvocationHelper.invokeMethod(MethodInvocationHelper.java:133)
	at org.testng.internal.TestInvoker.invokeMethod(TestInvoker.java:598)
	at org.testng.internal.TestInvoker.invokeTestMethod(TestInvoker.java:173)
	at org.testng.internal.MethodRunner.runInSequence(MethodRunner.java:46)
	at org.testng.internal.TestInvoker$MethodInvocationAgent.invoke(TestInvoker.java:824)
	at org.testng.internal.TestInvoker.invokeTestMethods(TestInvoker.java:146)
	at org.testng.internal.TestMethodWorker.invokeTestMethods(TestMethodWorker.java:146)
	at org.testng.internal.TestMethodWorker.run(TestMethodWorker.java:128)
	at java.util.ArrayList.forEach(ArrayList.java:1259)
	at org.testng.TestRunner.privateRun(TestRunner.java:794)
	at org.testng.TestRunner.run(TestRunner.java:596)
	at org.testng.SuiteRunner.runTest(SuiteRunner.java:377)
	at org.testng.SuiteRunner.runSequentially(SuiteRunner.java:371)
	at org.testng.SuiteRunner.privateRun(SuiteRunner.java:332)
	at org.testng.SuiteRunner.run(SuiteRunner.java:276)
	at org.testng.SuiteRunnerWorker.runSuite(SuiteRunnerWorker.java:53)
	at org.testng.SuiteRunnerWorker.run(SuiteRunnerWorker.java:96)
	at org.testng.TestNG.runSuitesSequentially(TestNG.java:1212)
	at org.testng.TestNG.runSuitesLocally(TestNG.java:1134)
	at org.testng.TestNG.runSuites(TestNG.java:1063)
	at org.testng.TestNG.run(TestNG.java:1031)
	at com.intellij.rt.testng.IDEARemoteTestNG.run(IDEARemoteTestNG.java:66)
	at com.intellij.rt.testng.RemoteTestNGStarter.main(RemoteTestNGStarter.java:105)
</pre></div></td>
<td>4</td>
<td>projectss.testcases.MetaTest@5a1c0542</td></tr>
<tr>
<td title='projectss.testcases.MetaTest.verifyExistOfMetaContent()'><b>verifyExistOfMetaContent</b><br>Test class: projectss.testcases.MetaTest<br>Parameters: https://p6-qa.samsung.com/my/business/smart-signage/uhd-4k-signage/qmb-quantum-processor-4k-signage-lh65qmbebgcxxs</td>
<td><div><pre>java.lang.AssertionError: Fail URL: https://p6-qa.samsung.com/my/business/smart-signage/uhd-4k-signage/qmb-quantum-processor-4k-signage-lh65qmbebgcxxs expected [true] but found [false]
	at projectss.testcases.MetaTest.verifyExistOfMetaContent(MetaTest.java:122)
	at java.util.ArrayList.forEach(ArrayList.java:1259)
	at com.intellij.rt.testng.IDEARemoteTestNG.run(IDEARemoteTestNG.java:66)
	at com.intellij.rt.testng.RemoteTestNGStarter.main(RemoteTestNGStarter.java:105)
... Removed 26 stack frames</pre></div><a href='#' onClick='toggleBox("stack-trace81251766", this, "Click to show all stack frames", "Click to hide stack frames")'>Click to show all stack frames</a>
<div class='stack-trace' id='stack-trace81251766'><pre>java.lang.AssertionError: Fail URL: https://p6-qa.samsung.com/my/business/smart-signage/uhd-4k-signage/qmb-quantum-processor-4k-signage-lh65qmbebgcxxs expected [true] but found [false]
	at org.testng.Assert.fail(Assert.java:99)
	at org.testng.Assert.failNotEquals(Assert.java:1037)
	at org.testng.Assert.assertTrue(Assert.java:45)
	at projectss.testcases.MetaTest.verifyExistOfMetaContent(MetaTest.java:122)
	at sun.reflect.GeneratedMethodAccessor2.invoke(Unknown Source)
	at sun.reflect.DelegatingMethodAccessorImpl.invoke(DelegatingMethodAccessorImpl.java:43)
	at java.lang.reflect.Method.invoke(Method.java:498)
	at org.testng.internal.MethodInvocationHelper.invokeMethod(MethodInvocationHelper.java:133)
	at org.testng.internal.TestInvoker.invokeMethod(TestInvoker.java:598)
	at org.testng.internal.TestInvoker.invokeTestMethod(TestInvoker.java:173)
	at org.testng.internal.MethodRunner.runInSequence(MethodRunner.java:46)
	at org.testng.internal.TestInvoker$MethodInvocationAgent.invoke(TestInvoker.java:824)
	at org.testng.internal.TestInvoker.invokeTestMethods(TestInvoker.java:146)
	at org.testng.internal.TestMethodWorker.invokeTestMethods(TestMethodWorker.java:146)
	at org.testng.internal.TestMethodWorker.run(TestMethodWorker.java:128)
	at java.util.ArrayList.forEach(ArrayList.java:1259)
	at org.testng.TestRunner.privateRun(TestRunner.java:794)
	at org.testng.TestRunner.run(TestRunner.java:596)
	at org.testng.SuiteRunner.runTest(SuiteRunner.java:377)
	at org.testng.SuiteRunner.runSequentially(SuiteRunner.java:371)
	at org.testng.SuiteRunner.privateRun(SuiteRunner.java:332)
	at org.testng.SuiteRunner.run(SuiteRunner.java:276)
	at org.testng.SuiteRunnerWorker.runSuite(SuiteRunnerWorker.java:53)
	at org.testng.SuiteRunnerWorker.run(SuiteRunnerWorker.java:96)
	at org.testng.TestNG.runSuitesSequentially(TestNG.java:1212)
	at org.testng.TestNG.runSuitesLocally(TestNG.java:1134)
	at org.testng.TestNG.runSuites(TestNG.java:1063)
	at org.testng.TestNG.run(TestNG.java:1031)
	at com.intellij.rt.testng.IDEARemoteTestNG.run(IDEARemoteTestNG.java:66)
	at com.intellij.rt.testng.RemoteTestNGStarter.main(RemoteTestNGStarter.java:105)
</pre></div></td>
<td>3</td>
<td>projectss.testcases.MetaTest@5a1c0542</td></tr>
<tr>
<td title='projectss.testcases.MetaTest.verifyExistOfMetaContent()'><b>verifyExistOfMetaContent</b><br>Test class: projectss.testcases.MetaTest<br>Parameters: https://p6-qa.samsung.com/my/business/smart-signage/uhd-4k-signage/crystal-uhd-signage-qmc-lh43qmcepgcxxs</td>
<td><div><pre>java.lang.AssertionError: Fail URL: https://p6-qa.samsung.com/my/business/smart-signage/uhd-4k-signage/crystal-uhd-signage-qmc-lh43qmcepgcxxs expected [true] but found [false]
	at projectss.testcases.MetaTest.verifyExistOfMetaContent(MetaTest.java:122)
	at java.util.ArrayList.forEach(ArrayList.java:1259)
	at com.intellij.rt.testng.IDEARemoteTestNG.run(IDEARemoteTestNG.java:66)
	at com.intellij.rt.testng.RemoteTestNGStarter.main(RemoteTestNGStarter.java:105)
... Removed 27 stack frames</pre></div><a href='#' onClick='toggleBox("stack-trace482885994", this, "Click to show all stack frames", "Click to hide stack frames")'>Click to show all stack frames</a>
<div class='stack-trace' id='stack-trace482885994'><pre>java.lang.AssertionError: Fail URL: https://p6-qa.samsung.com/my/business/smart-signage/uhd-4k-signage/crystal-uhd-signage-qmc-lh43qmcepgcxxs expected [true] but found [false]
	at org.testng.Assert.fail(Assert.java:99)
	at org.testng.Assert.failNotEquals(Assert.java:1037)
	at org.testng.Assert.assertTrue(Assert.java:45)
	at projectss.testcases.MetaTest.verifyExistOfMetaContent(MetaTest.java:122)
	at sun.reflect.NativeMethodAccessorImpl.invoke0(Native Method)
	at sun.reflect.NativeMethodAccessorImpl.invoke(NativeMethodAccessorImpl.java:62)
	at sun.reflect.DelegatingMethodAccessorImpl.invoke(DelegatingMethodAccessorImpl.java:43)
	at java.lang.reflect.Method.invoke(Method.java:498)
	at org.testng.internal.MethodInvocationHelper.invokeMethod(MethodInvocationHelper.java:133)
	at org.testng.internal.TestInvoker.invokeMethod(TestInvoker.java:598)
	at org.testng.internal.TestInvoker.invokeTestMethod(TestInvoker.java:173)
	at org.testng.internal.MethodRunner.runInSequence(MethodRunner.java:46)
	at org.testng.internal.TestInvoker$MethodInvocationAgent.invoke(TestInvoker.java:824)
	at org.testng.internal.TestInvoker.invokeTestMethods(TestInvoker.java:146)
	at org.testng.internal.TestMethodWorker.invokeTestMethods(TestMethodWorker.java:146)
	at org.testng.internal.TestMethodWorker.run(TestMethodWorker.java:128)
	at java.util.ArrayList.forEach(ArrayList.java:1259)
	at org.testng.TestRunner.privateRun(TestRunner.java:794)
	at org.testng.TestRunner.run(TestRunner.java:596)
	at org.testng.SuiteRunner.runTest(SuiteRunner.java:377)
	at org.testng.SuiteRunner.runSequentially(SuiteRunner.java:371)
	at org.testng.SuiteRunner.privateRun(SuiteRunner.java:332)
	at org.testng.SuiteRunner.run(SuiteRunner.java:276)
	at org.testng.SuiteRunnerWorker.runSuite(SuiteRunnerWorker.java:53)
	at org.testng.SuiteRunnerWorker.run(SuiteRunnerWorker.java:96)
	at org.testng.TestNG.runSuitesSequentially(TestNG.java:1212)
	at org.testng.TestNG.runSuitesLocally(TestNG.java:1134)
	at org.testng.TestNG.runSuites(TestNG.java:1063)
	at org.testng.TestNG.run(TestNG.java:1031)
	at com.intellij.rt.testng.IDEARemoteTestNG.run(IDEARemoteTestNG.java:66)
	at com.intellij.rt.testng.RemoteTestNGStarter.main(RemoteTestNGStarter.java:105)
</pre></div></td>
<td>3</td>
<td>projectss.testcases.MetaTest@5a1c0542</td></tr>
<tr>
<td title='projectss.testcases.MetaTest.verifyExistOfMetaContent()'><b>verifyExistOfMetaContent</b><br>Test class: projectss.testcases.MetaTest<br>Parameters: https://p6-qa.samsung.com/my/business/led-signage/outdoor-led/xa067t-lh067xatsac-xm</td>
<td><div><pre>java.lang.AssertionError: Fail URL: https://p6-qa.samsung.com/my/business/led-signage/outdoor-led/xa067t-lh067xatsac-xm expected [true] but found [false]
	at projectss.testcases.MetaTest.verifyExistOfMetaContent(MetaTest.java:122)
	at java.util.ArrayList.forEach(ArrayList.java:1259)
	at com.intellij.rt.testng.IDEARemoteTestNG.run(IDEARemoteTestNG.java:66)
	at com.intellij.rt.testng.RemoteTestNGStarter.main(RemoteTestNGStarter.java:105)
... Removed 26 stack frames</pre></div><a href='#' onClick='toggleBox("stack-trace74439501", this, "Click to show all stack frames", "Click to hide stack frames")'>Click to show all stack frames</a>
<div class='stack-trace' id='stack-trace74439501'><pre>java.lang.AssertionError: Fail URL: https://p6-qa.samsung.com/my/business/led-signage/outdoor-led/xa067t-lh067xatsac-xm expected [true] but found [false]
	at org.testng.Assert.fail(Assert.java:99)
	at org.testng.Assert.failNotEquals(Assert.java:1037)
	at org.testng.Assert.assertTrue(Assert.java:45)
	at projectss.testcases.MetaTest.verifyExistOfMetaContent(MetaTest.java:122)
	at sun.reflect.GeneratedMethodAccessor2.invoke(Unknown Source)
	at sun.reflect.DelegatingMethodAccessorImpl.invoke(DelegatingMethodAccessorImpl.java:43)
	at java.lang.reflect.Method.invoke(Method.java:498)
	at org.testng.internal.MethodInvocationHelper.invokeMethod(MethodInvocationHelper.java:133)
	at org.testng.internal.TestInvoker.invokeMethod(TestInvoker.java:598)
	at org.testng.internal.TestInvoker.invokeTestMethod(TestInvoker.java:173)
	at org.testng.internal.MethodRunner.runInSequence(MethodRunner.java:46)
	at org.testng.internal.TestInvoker$MethodInvocationAgent.invoke(TestInvoker.java:824)
	at org.testng.internal.TestInvoker.invokeTestMethods(TestInvoker.java:146)
	at org.testng.internal.TestMethodWorker.invokeTestMethods(TestMethodWorker.java:146)
	at org.testng.internal.TestMethodWorker.run(TestMethodWorker.java:128)
	at java.util.ArrayList.forEach(ArrayList.java:1259)
	at org.testng.TestRunner.privateRun(TestRunner.java:794)
	at org.testng.TestRunner.run(TestRunner.java:596)
	at org.testng.SuiteRunner.runTest(SuiteRunner.java:377)
	at org.testng.SuiteRunner.runSequentially(SuiteRunner.java:371)
	at org.testng.SuiteRunner.privateRun(SuiteRunner.java:332)
	at org.testng.SuiteRunner.run(SuiteRunner.java:276)
	at org.testng.SuiteRunnerWorker.runSuite(SuiteRunnerWorker.java:53)
	at org.testng.SuiteRunnerWorker.run(SuiteRunnerWorker.java:96)
	at org.testng.TestNG.runSuitesSequentially(TestNG.java:1212)
	at org.testng.TestNG.runSuitesLocally(TestNG.java:1134)
	at org.testng.TestNG.runSuites(TestNG.java:1063)
	at org.testng.TestNG.run(TestNG.java:1031)
	at com.intellij.rt.testng.IDEARemoteTestNG.run(IDEARemoteTestNG.java:66)
	at com.intellij.rt.testng.RemoteTestNGStarter.main(RemoteTestNGStarter.java:105)
</pre></div></td>
<td>11</td>
<td>projectss.testcases.MetaTest@5a1c0542</td></tr>
<tr>
<td title='projectss.testcases.MetaTest.verifyExistOfMetaContent()'><b>verifyExistOfMetaContent</b><br>Test class: projectss.testcases.MetaTest<br>Parameters: https://p6-qa.samsung.com/my/business/smart-signage/interactive-display/qb13r-tm-13-full-hd-interactive-display-fhd-1080p-capacitive-touch-14ms-lh13qbrtmgcxxs</td>
<td><div><pre>java.lang.AssertionError: Fail URL: https://p6-qa.samsung.com/my/business/smart-signage/interactive-display/qb13r-tm-13-full-hd-interactive-display-fhd-1080p-capacitive-touch-14ms-lh13qbrtmgcxxs expected [true] but found [false]
	at projectss.testcases.MetaTest.verifyExistOfMetaContent(MetaTest.java:122)
	at java.util.ArrayList.forEach(ArrayList.java:1259)
	at com.intellij.rt.testng.IDEARemoteTestNG.run(IDEARemoteTestNG.java:66)
	at com.intellij.rt.testng.RemoteTestNGStarter.main(RemoteTestNGStarter.java:105)
... Removed 26 stack frames</pre></div><a href='#' onClick='toggleBox("stack-trace1396885030", this, "Click to show all stack frames", "Click to hide stack frames")'>Click to show all stack frames</a>
<div class='stack-trace' id='stack-trace1396885030'><pre>java.lang.AssertionError: Fail URL: https://p6-qa.samsung.com/my/business/smart-signage/interactive-display/qb13r-tm-13-full-hd-interactive-display-fhd-1080p-capacitive-touch-14ms-lh13qbrtmgcxxs expected [true] but found [false]
	at org.testng.Assert.fail(Assert.java:99)
	at org.testng.Assert.failNotEquals(Assert.java:1037)
	at org.testng.Assert.assertTrue(Assert.java:45)
	at projectss.testcases.MetaTest.verifyExistOfMetaContent(MetaTest.java:122)
	at sun.reflect.GeneratedMethodAccessor2.invoke(Unknown Source)
	at sun.reflect.DelegatingMethodAccessorImpl.invoke(DelegatingMethodAccessorImpl.java:43)
	at java.lang.reflect.Method.invoke(Method.java:498)
	at org.testng.internal.MethodInvocationHelper.invokeMethod(MethodInvocationHelper.java:133)
	at org.testng.internal.TestInvoker.invokeMethod(TestInvoker.java:598)
	at org.testng.internal.TestInvoker.invokeTestMethod(TestInvoker.java:173)
	at org.testng.internal.MethodRunner.runInSequence(MethodRunner.java:46)
	at org.testng.internal.TestInvoker$MethodInvocationAgent.invoke(TestInvoker.java:824)
	at org.testng.internal.TestInvoker.invokeTestMethods(TestInvoker.java:146)
	at org.testng.internal.TestMethodWorker.invokeTestMethods(TestMethodWorker.java:146)
	at org.testng.internal.TestMethodWorker.run(TestMethodWorker.java:128)
	at java.util.ArrayList.forEach(ArrayList.java:1259)
	at org.testng.TestRunner.privateRun(TestRunner.java:794)
	at org.testng.TestRunner.run(TestRunner.java:596)
	at org.testng.SuiteRunner.runTest(SuiteRunner.java:377)
	at org.testng.SuiteRunner.runSequentially(SuiteRunner.java:371)
	at org.testng.SuiteRunner.privateRun(SuiteRunner.java:332)
	at org.testng.SuiteRunner.run(SuiteRunner.java:276)
	at org.testng.SuiteRunnerWorker.runSuite(SuiteRunnerWorker.java:53)
	at org.testng.SuiteRunnerWorker.run(SuiteRunnerWorker.java:96)
	at org.testng.TestNG.runSuitesSequentially(TestNG.java:1212)
	at org.testng.TestNG.runSuitesLocally(TestNG.java:1134)
	at org.testng.TestNG.runSuites(TestNG.java:1063)
	at org.testng.TestNG.run(TestNG.java:1031)
	at com.intellij.rt.testng.IDEARemoteTestNG.run(IDEARemoteTestNG.java:66)
	at com.intellij.rt.testng.RemoteTestNGStarter.main(RemoteTestNGStarter.java:105)
</pre></div></td>
<td>3</td>
<td>projectss.testcases.MetaTest@5a1c0542</td></tr>
<tr>
<td title='projectss.testcases.MetaTest.verifyExistOfMetaContent()'><b>verifyExistOfMetaContent</b><br>Test class: projectss.testcases.MetaTest<br>Parameters: https://p6-qa.samsung.com/my/business/smart-signage/uhd-4k-signage/qmb-quantum-processor-4k-signage-lh43qmbebgcxxs</td>
<td><div><pre>java.lang.AssertionError: Fail URL: https://p6-qa.samsung.com/my/business/smart-signage/uhd-4k-signage/qmb-quantum-processor-4k-signage-lh43qmbebgcxxs expected [true] but found [false]
	at projectss.testcases.MetaTest.verifyExistOfMetaContent(MetaTest.java:122)
	at java.util.ArrayList.forEach(ArrayList.java:1259)
	at com.intellij.rt.testng.IDEARemoteTestNG.run(IDEARemoteTestNG.java:66)
	at com.intellij.rt.testng.RemoteTestNGStarter.main(RemoteTestNGStarter.java:105)
... Removed 26 stack frames</pre></div><a href='#' onClick='toggleBox("stack-trace1895872292", this, "Click to show all stack frames", "Click to hide stack frames")'>Click to show all stack frames</a>
<div class='stack-trace' id='stack-trace1895872292'><pre>java.lang.AssertionError: Fail URL: https://p6-qa.samsung.com/my/business/smart-signage/uhd-4k-signage/qmb-quantum-processor-4k-signage-lh43qmbebgcxxs expected [true] but found [false]
	at org.testng.Assert.fail(Assert.java:99)
	at org.testng.Assert.failNotEquals(Assert.java:1037)
	at org.testng.Assert.assertTrue(Assert.java:45)
	at projectss.testcases.MetaTest.verifyExistOfMetaContent(MetaTest.java:122)
	at sun.reflect.GeneratedMethodAccessor2.invoke(Unknown Source)
	at sun.reflect.DelegatingMethodAccessorImpl.invoke(DelegatingMethodAccessorImpl.java:43)
	at java.lang.reflect.Method.invoke(Method.java:498)
	at org.testng.internal.MethodInvocationHelper.invokeMethod(MethodInvocationHelper.java:133)
	at org.testng.internal.TestInvoker.invokeMethod(TestInvoker.java:598)
	at org.testng.internal.TestInvoker.invokeTestMethod(TestInvoker.java:173)
	at org.testng.internal.MethodRunner.runInSequence(MethodRunner.java:46)
	at org.testng.internal.TestInvoker$MethodInvocationAgent.invoke(TestInvoker.java:824)
	at org.testng.internal.TestInvoker.invokeTestMethods(TestInvoker.java:146)
	at org.testng.internal.TestMethodWorker.invokeTestMethods(TestMethodWorker.java:146)
	at org.testng.internal.TestMethodWorker.run(TestMethodWorker.java:128)
	at java.util.ArrayList.forEach(ArrayList.java:1259)
	at org.testng.TestRunner.privateRun(TestRunner.java:794)
	at org.testng.TestRunner.run(TestRunner.java:596)
	at org.testng.SuiteRunner.runTest(SuiteRunner.java:377)
	at org.testng.SuiteRunner.runSequentially(SuiteRunner.java:371)
	at org.testng.SuiteRunner.privateRun(SuiteRunner.java:332)
	at org.testng.SuiteRunner.run(SuiteRunner.java:276)
	at org.testng.SuiteRunnerWorker.runSuite(SuiteRunnerWorker.java:53)
	at org.testng.SuiteRunnerWorker.run(SuiteRunnerWorker.java:96)
	at org.testng.TestNG.runSuitesSequentially(TestNG.java:1212)
	at org.testng.TestNG.runSuitesLocally(TestNG.java:1134)
	at org.testng.TestNG.runSuites(TestNG.java:1063)
	at org.testng.TestNG.run(TestNG.java:1031)
	at com.intellij.rt.testng.IDEARemoteTestNG.run(IDEARemoteTestNG.java:66)
	at com.intellij.rt.testng.RemoteTestNGStarter.main(RemoteTestNGStarter.java:105)
</pre></div></td>
<td>7</td>
<td>projectss.testcases.MetaTest@5a1c0542</td></tr>
<tr>
<td title='projectss.testcases.MetaTest.verifyExistOfMetaContent()'><b>verifyExistOfMetaContent</b><br>Test class: projectss.testcases.MetaTest<br>Parameters: https://p6-qa.samsung.com/my/business/smart-signage/interactive-display/km24a-lh24kmatbgcxxs</td>
<td><div><pre>java.lang.AssertionError: Fail URL: https://p6-qa.samsung.com/my/business/smart-signage/interactive-display/km24a-lh24kmatbgcxxs expected [true] but found [false]
	at projectss.testcases.MetaTest.verifyExistOfMetaContent(MetaTest.java:122)
	at java.util.ArrayList.forEach(ArrayList.java:1259)
	at com.intellij.rt.testng.IDEARemoteTestNG.run(IDEARemoteTestNG.java:66)
	at com.intellij.rt.testng.RemoteTestNGStarter.main(RemoteTestNGStarter.java:105)
... Removed 27 stack frames</pre></div><a href='#' onClick='toggleBox("stack-trace954207047", this, "Click to show all stack frames", "Click to hide stack frames")'>Click to show all stack frames</a>
<div class='stack-trace' id='stack-trace954207047'><pre>java.lang.AssertionError: Fail URL: https://p6-qa.samsung.com/my/business/smart-signage/interactive-display/km24a-lh24kmatbgcxxs expected [true] but found [false]
	at org.testng.Assert.fail(Assert.java:99)
	at org.testng.Assert.failNotEquals(Assert.java:1037)
	at org.testng.Assert.assertTrue(Assert.java:45)
	at projectss.testcases.MetaTest.verifyExistOfMetaContent(MetaTest.java:122)
	at sun.reflect.NativeMethodAccessorImpl.invoke0(Native Method)
	at sun.reflect.NativeMethodAccessorImpl.invoke(NativeMethodAccessorImpl.java:62)
	at sun.reflect.DelegatingMethodAccessorImpl.invoke(DelegatingMethodAccessorImpl.java:43)
	at java.lang.reflect.Method.invoke(Method.java:498)
	at org.testng.internal.MethodInvocationHelper.invokeMethod(MethodInvocationHelper.java:133)
	at org.testng.internal.TestInvoker.invokeMethod(TestInvoker.java:598)
	at org.testng.internal.TestInvoker.invokeTestMethod(TestInvoker.java:173)
	at org.testng.internal.MethodRunner.runInSequence(MethodRunner.java:46)
	at org.testng.internal.TestInvoker$MethodInvocationAgent.invoke(TestInvoker.java:824)
	at org.testng.internal.TestInvoker.invokeTestMethods(TestInvoker.java:146)
	at org.testng.internal.TestMethodWorker.invokeTestMethods(TestMethodWorker.java:146)
	at org.testng.internal.TestMethodWorker.run(TestMethodWorker.java:128)
	at java.util.ArrayList.forEach(ArrayList.java:1259)
	at org.testng.TestRunner.privateRun(TestRunner.java:794)
	at org.testng.TestRunner.run(TestRunner.java:596)
	at org.testng.SuiteRunner.runTest(SuiteRunner.java:377)
	at org.testng.SuiteRunner.runSequentially(SuiteRunner.java:371)
	at org.testng.SuiteRunner.privateRun(SuiteRunner.java:332)
	at org.testng.SuiteRunner.run(SuiteRunner.java:276)
	at org.testng.SuiteRunnerWorker.runSuite(SuiteRunnerWorker.java:53)
	at org.testng.SuiteRunnerWorker.run(SuiteRunnerWorker.java:96)
	at org.testng.TestNG.runSuitesSequentially(TestNG.java:1212)
	at org.testng.TestNG.runSuitesLocally(TestNG.java:1134)
	at org.testng.TestNG.runSuites(TestNG.java:1063)
	at org.testng.TestNG.run(TestNG.java:1031)
	at com.intellij.rt.testng.IDEARemoteTestNG.run(IDEARemoteTestNG.java:66)
	at com.intellij.rt.testng.RemoteTestNGStarter.main(RemoteTestNGStarter.java:105)
</pre></div></td>
<td>3</td>
<td>projectss.testcases.MetaTest@5a1c0542</td></tr>
<tr>
<td title='projectss.testcases.MetaTest.verifyExistOfMetaContent()'><b>verifyExistOfMetaContent</b><br>Test class: projectss.testcases.MetaTest<br>Parameters: https://p6-qa.samsung.com/my/business/smart-signage/uhd-4k-signage/qhb-quantum-processor-4k-signage-lh50qhbebgcxxs</td>
<td><div><pre>java.lang.AssertionError: Fail URL: https://p6-qa.samsung.com/my/business/smart-signage/uhd-4k-signage/qhb-quantum-processor-4k-signage-lh50qhbebgcxxs expected [true] but found [false]
	at projectss.testcases.MetaTest.verifyExistOfMetaContent(MetaTest.java:122)
	at java.util.ArrayList.forEach(ArrayList.java:1259)
	at com.intellij.rt.testng.IDEARemoteTestNG.run(IDEARemoteTestNG.java:66)
	at com.intellij.rt.testng.RemoteTestNGStarter.main(RemoteTestNGStarter.java:105)
... Removed 26 stack frames</pre></div><a href='#' onClick='toggleBox("stack-trace481126602", this, "Click to show all stack frames", "Click to hide stack frames")'>Click to show all stack frames</a>
<div class='stack-trace' id='stack-trace481126602'><pre>java.lang.AssertionError: Fail URL: https://p6-qa.samsung.com/my/business/smart-signage/uhd-4k-signage/qhb-quantum-processor-4k-signage-lh50qhbebgcxxs expected [true] but found [false]
	at org.testng.Assert.fail(Assert.java:99)
	at org.testng.Assert.failNotEquals(Assert.java:1037)
	at org.testng.Assert.assertTrue(Assert.java:45)
	at projectss.testcases.MetaTest.verifyExistOfMetaContent(MetaTest.java:122)
	at sun.reflect.GeneratedMethodAccessor2.invoke(Unknown Source)
	at sun.reflect.DelegatingMethodAccessorImpl.invoke(DelegatingMethodAccessorImpl.java:43)
	at java.lang.reflect.Method.invoke(Method.java:498)
	at org.testng.internal.MethodInvocationHelper.invokeMethod(MethodInvocationHelper.java:133)
	at org.testng.internal.TestInvoker.invokeMethod(TestInvoker.java:598)
	at org.testng.internal.TestInvoker.invokeTestMethod(TestInvoker.java:173)
	at org.testng.internal.MethodRunner.runInSequence(MethodRunner.java:46)
	at org.testng.internal.TestInvoker$MethodInvocationAgent.invoke(TestInvoker.java:824)
	at org.testng.internal.TestInvoker.invokeTestMethods(TestInvoker.java:146)
	at org.testng.internal.TestMethodWorker.invokeTestMethods(TestMethodWorker.java:146)
	at org.testng.internal.TestMethodWorker.run(TestMethodWorker.java:128)
	at java.util.ArrayList.forEach(ArrayList.java:1259)
	at org.testng.TestRunner.privateRun(TestRunner.java:794)
	at org.testng.TestRunner.run(TestRunner.java:596)
	at org.testng.SuiteRunner.runTest(SuiteRunner.java:377)
	at org.testng.SuiteRunner.runSequentially(SuiteRunner.java:371)
	at org.testng.SuiteRunner.privateRun(SuiteRunner.java:332)
	at org.testng.SuiteRunner.run(SuiteRunner.java:276)
	at org.testng.SuiteRunnerWorker.runSuite(SuiteRunnerWorker.java:53)
	at org.testng.SuiteRunnerWorker.run(SuiteRunnerWorker.java:96)
	at org.testng.TestNG.runSuitesSequentially(TestNG.java:1212)
	at org.testng.TestNG.runSuitesLocally(TestNG.java:1134)
	at org.testng.TestNG.runSuites(TestNG.java:1063)
	at org.testng.TestNG.run(TestNG.java:1031)
	at com.intellij.rt.testng.IDEARemoteTestNG.run(IDEARemoteTestNG.java:66)
	at com.intellij.rt.testng.RemoteTestNGStarter.main(RemoteTestNGStarter.java:105)
</pre></div></td>
<td>3</td>
<td>projectss.testcases.MetaTest@5a1c0542</td></tr>
<tr>
<td title='projectss.testcases.MetaTest.verifyExistOfMetaContent()'><b>verifyExistOfMetaContent</b><br>Test class: projectss.testcases.MetaTest<br>Parameters: https://p6-qa.samsung.com/my/business/smart-signage/uhd-4k-signage/qhb-quantum-processor-4k-signage-lh55qhbebgcxxs</td>
<td><div><pre>java.lang.AssertionError: Fail URL: https://p6-qa.samsung.com/my/business/smart-signage/uhd-4k-signage/qhb-quantum-processor-4k-signage-lh55qhbebgcxxs expected [true] but found [false]
	at projectss.testcases.MetaTest.verifyExistOfMetaContent(MetaTest.java:122)
	at java.util.ArrayList.forEach(ArrayList.java:1259)
	at com.intellij.rt.testng.IDEARemoteTestNG.run(IDEARemoteTestNG.java:66)
	at com.intellij.rt.testng.RemoteTestNGStarter.main(RemoteTestNGStarter.java:105)
... Removed 26 stack frames</pre></div><a href='#' onClick='toggleBox("stack-trace124677188", this, "Click to show all stack frames", "Click to hide stack frames")'>Click to show all stack frames</a>
<div class='stack-trace' id='stack-trace124677188'><pre>java.lang.AssertionError: Fail URL: https://p6-qa.samsung.com/my/business/smart-signage/uhd-4k-signage/qhb-quantum-processor-4k-signage-lh55qhbebgcxxs expected [true] but found [false]
	at org.testng.Assert.fail(Assert.java:99)
	at org.testng.Assert.failNotEquals(Assert.java:1037)
	at org.testng.Assert.assertTrue(Assert.java:45)
	at projectss.testcases.MetaTest.verifyExistOfMetaContent(MetaTest.java:122)
	at sun.reflect.GeneratedMethodAccessor2.invoke(Unknown Source)
	at sun.reflect.DelegatingMethodAccessorImpl.invoke(DelegatingMethodAccessorImpl.java:43)
	at java.lang.reflect.Method.invoke(Method.java:498)
	at org.testng.internal.MethodInvocationHelper.invokeMethod(MethodInvocationHelper.java:133)
	at org.testng.internal.TestInvoker.invokeMethod(TestInvoker.java:598)
	at org.testng.internal.TestInvoker.invokeTestMethod(TestInvoker.java:173)
	at org.testng.internal.MethodRunner.runInSequence(MethodRunner.java:46)
	at org.testng.internal.TestInvoker$MethodInvocationAgent.invoke(TestInvoker.java:824)
	at org.testng.internal.TestInvoker.invokeTestMethods(TestInvoker.java:146)
	at org.testng.internal.TestMethodWorker.invokeTestMethods(TestMethodWorker.java:146)
	at org.testng.internal.TestMethodWorker.run(TestMethodWorker.java:128)
	at java.util.ArrayList.forEach(ArrayList.java:1259)
	at org.testng.TestRunner.privateRun(TestRunner.java:794)
	at org.testng.TestRunner.run(TestRunner.java:596)
	at org.testng.SuiteRunner.runTest(SuiteRunner.java:377)
	at org.testng.SuiteRunner.runSequentially(SuiteRunner.java:371)
	at org.testng.SuiteRunner.privateRun(SuiteRunner.java:332)
	at org.testng.SuiteRunner.run(SuiteRunner.java:276)
	at org.testng.SuiteRunnerWorker.runSuite(SuiteRunnerWorker.java:53)
	at org.testng.SuiteRunnerWorker.run(SuiteRunnerWorker.java:96)
	at org.testng.TestNG.runSuitesSequentially(TestNG.java:1212)
	at org.testng.TestNG.runSuitesLocally(TestNG.java:1134)
	at org.testng.TestNG.runSuites(TestNG.java:1063)
	at org.testng.TestNG.run(TestNG.java:1031)
	at com.intellij.rt.testng.IDEARemoteTestNG.run(IDEARemoteTestNG.java:66)
	at com.intellij.rt.testng.RemoteTestNGStarter.main(RemoteTestNGStarter.java:105)
</pre></div></td>
<td>3</td>
<td>projectss.testcases.MetaTest@5a1c0542</td></tr>
<tr>
<td title='projectss.testcases.MetaTest.verifyExistOfMetaContent()'><b>verifyExistOfMetaContent</b><br>Test class: projectss.testcases.MetaTest<br>Parameters: https://p6-qa.samsung.com/my/business/led-signage/the-wall/the-wall-all-in-one-lh016iabmhs-xs</td>
<td><div><pre>java.lang.AssertionError: Fail URL: https://p6-qa.samsung.com/my/business/led-signage/the-wall/the-wall-all-in-one-lh016iabmhs-xs expected [true] but found [false]
	at projectss.testcases.MetaTest.verifyExistOfMetaContent(MetaTest.java:122)
	at java.util.ArrayList.forEach(ArrayList.java:1259)
	at com.intellij.rt.testng.IDEARemoteTestNG.run(IDEARemoteTestNG.java:66)
	at com.intellij.rt.testng.RemoteTestNGStarter.main(RemoteTestNGStarter.java:105)
... Removed 26 stack frames</pre></div><a href='#' onClick='toggleBox("stack-trace2013854563", this, "Click to show all stack frames", "Click to hide stack frames")'>Click to show all stack frames</a>
<div class='stack-trace' id='stack-trace2013854563'><pre>java.lang.AssertionError: Fail URL: https://p6-qa.samsung.com/my/business/led-signage/the-wall/the-wall-all-in-one-lh016iabmhs-xs expected [true] but found [false]
	at org.testng.Assert.fail(Assert.java:99)
	at org.testng.Assert.failNotEquals(Assert.java:1037)
	at org.testng.Assert.assertTrue(Assert.java:45)
	at projectss.testcases.MetaTest.verifyExistOfMetaContent(MetaTest.java:122)
	at sun.reflect.GeneratedMethodAccessor2.invoke(Unknown Source)
	at sun.reflect.DelegatingMethodAccessorImpl.invoke(DelegatingMethodAccessorImpl.java:43)
	at java.lang.reflect.Method.invoke(Method.java:498)
	at org.testng.internal.MethodInvocationHelper.invokeMethod(MethodInvocationHelper.java:133)
	at org.testng.internal.TestInvoker.invokeMethod(TestInvoker.java:598)
	at org.testng.internal.TestInvoker.invokeTestMethod(TestInvoker.java:173)
	at org.testng.internal.MethodRunner.runInSequence(MethodRunner.java:46)
	at org.testng.internal.TestInvoker$MethodInvocationAgent.invoke(TestInvoker.java:824)
	at org.testng.internal.TestInvoker.invokeTestMethods(TestInvoker.java:146)
	at org.testng.internal.TestMethodWorker.invokeTestMethods(TestMethodWorker.java:146)
	at org.testng.internal.TestMethodWorker.run(TestMethodWorker.java:128)
	at java.util.ArrayList.forEach(ArrayList.java:1259)
	at org.testng.TestRunner.privateRun(TestRunner.java:794)
	at org.testng.TestRunner.run(TestRunner.java:596)
	at org.testng.SuiteRunner.runTest(SuiteRunner.java:377)
	at org.testng.SuiteRunner.runSequentially(SuiteRunner.java:371)
	at org.testng.SuiteRunner.privateRun(SuiteRunner.java:332)
	at org.testng.SuiteRunner.run(SuiteRunner.java:276)
	at org.testng.SuiteRunnerWorker.runSuite(SuiteRunnerWorker.java:53)
	at org.testng.SuiteRunnerWorker.run(SuiteRunnerWorker.java:96)
	at org.testng.TestNG.runSuitesSequentially(TestNG.java:1212)
	at org.testng.TestNG.runSuitesLocally(TestNG.java:1134)
	at org.testng.TestNG.runSuites(TestNG.java:1063)
	at org.testng.TestNG.run(TestNG.java:1031)
	at com.intellij.rt.testng.IDEARemoteTestNG.run(IDEARemoteTestNG.java:66)
	at com.intellij.rt.testng.RemoteTestNGStarter.main(RemoteTestNGStarter.java:105)
</pre></div></td>
<td>3</td>
<td>projectss.testcases.MetaTest@5a1c0542</td></tr>
<tr>
<td title='projectss.testcases.MetaTest.verifyExistOfMetaContent()'><b>verifyExistOfMetaContent</b><br>Test class: projectss.testcases.MetaTest<br>Parameters: https://p6-qa.samsung.com/my/business/smart-signage/interactive-display/flip-pro-wm85b-interactive-display-lh85wmbwlgcxxs</td>
<td><div><pre>java.lang.AssertionError: Fail URL: https://p6-qa.samsung.com/my/business/smart-signage/interactive-display/flip-pro-wm85b-interactive-display-lh85wmbwlgcxxs expected [true] but found [false]
	at projectss.testcases.MetaTest.verifyExistOfMetaContent(MetaTest.java:122)
	at java.util.ArrayList.forEach(ArrayList.java:1259)
	at com.intellij.rt.testng.IDEARemoteTestNG.run(IDEARemoteTestNG.java:66)
	at com.intellij.rt.testng.RemoteTestNGStarter.main(RemoteTestNGStarter.java:105)
... Removed 27 stack frames</pre></div><a href='#' onClick='toggleBox("stack-trace2055967078", this, "Click to show all stack frames", "Click to hide stack frames")'>Click to show all stack frames</a>
<div class='stack-trace' id='stack-trace2055967078'><pre>java.lang.AssertionError: Fail URL: https://p6-qa.samsung.com/my/business/smart-signage/interactive-display/flip-pro-wm85b-interactive-display-lh85wmbwlgcxxs expected [true] but found [false]
	at org.testng.Assert.fail(Assert.java:99)
	at org.testng.Assert.failNotEquals(Assert.java:1037)
	at org.testng.Assert.assertTrue(Assert.java:45)
	at projectss.testcases.MetaTest.verifyExistOfMetaContent(MetaTest.java:122)
	at sun.reflect.NativeMethodAccessorImpl.invoke0(Native Method)
	at sun.reflect.NativeMethodAccessorImpl.invoke(NativeMethodAccessorImpl.java:62)
	at sun.reflect.DelegatingMethodAccessorImpl.invoke(DelegatingMethodAccessorImpl.java:43)
	at java.lang.reflect.Method.invoke(Method.java:498)
	at org.testng.internal.MethodInvocationHelper.invokeMethod(MethodInvocationHelper.java:133)
	at org.testng.internal.TestInvoker.invokeMethod(TestInvoker.java:598)
	at org.testng.internal.TestInvoker.invokeTestMethod(TestInvoker.java:173)
	at org.testng.internal.MethodRunner.runInSequence(MethodRunner.java:46)
	at org.testng.internal.TestInvoker$MethodInvocationAgent.invoke(TestInvoker.java:824)
	at org.testng.internal.TestInvoker.invokeTestMethods(TestInvoker.java:146)
	at org.testng.internal.TestMethodWorker.invokeTestMethods(TestMethodWorker.java:146)
	at org.testng.internal.TestMethodWorker.run(TestMethodWorker.java:128)
	at java.util.ArrayList.forEach(ArrayList.java:1259)
	at org.testng.TestRunner.privateRun(TestRunner.java:794)
	at org.testng.TestRunner.run(TestRunner.java:596)
	at org.testng.SuiteRunner.runTest(SuiteRunner.java:377)
	at org.testng.SuiteRunner.runSequentially(SuiteRunner.java:371)
	at org.testng.SuiteRunner.privateRun(SuiteRunner.java:332)
	at org.testng.SuiteRunner.run(SuiteRunner.java:276)
	at org.testng.SuiteRunnerWorker.runSuite(SuiteRunnerWorker.java:53)
	at org.testng.SuiteRunnerWorker.run(SuiteRunnerWorker.java:96)
	at org.testng.TestNG.runSuitesSequentially(TestNG.java:1212)
	at org.testng.TestNG.runSuitesLocally(TestNG.java:1134)
	at org.testng.TestNG.runSuites(TestNG.java:1063)
	at org.testng.TestNG.run(TestNG.java:1031)
	at com.intellij.rt.testng.IDEARemoteTestNG.run(IDEARemoteTestNG.java:66)
	at com.intellij.rt.testng.RemoteTestNGStarter.main(RemoteTestNGStarter.java:105)
</pre></div></td>
<td>4</td>
<td>projectss.testcases.MetaTest@5a1c0542</td></tr>
<tr>
<td title='projectss.testcases.MetaTest.verifyExistOfMetaContent()'><b>verifyExistOfMetaContent</b><br>Test class: projectss.testcases.MetaTest<br>Parameters: https://p6-qa.samsung.com/my/business/smart-signage/uhd-4k-signage/qbb-quantum-processor-4k-signage-lh55qbbebgcxxs</td>
<td><div><pre>java.lang.AssertionError: Fail URL: https://p6-qa.samsung.com/my/business/smart-signage/uhd-4k-signage/qbb-quantum-processor-4k-signage-lh55qbbebgcxxs expected [true] but found [false]
	at projectss.testcases.MetaTest.verifyExistOfMetaContent(MetaTest.java:122)
	at java.util.ArrayList.forEach(ArrayList.java:1259)
	at com.intellij.rt.testng.IDEARemoteTestNG.run(IDEARemoteTestNG.java:66)
	at com.intellij.rt.testng.RemoteTestNGStarter.main(RemoteTestNGStarter.java:105)
... Removed 26 stack frames</pre></div><a href='#' onClick='toggleBox("stack-trace551599821", this, "Click to show all stack frames", "Click to hide stack frames")'>Click to show all stack frames</a>
<div class='stack-trace' id='stack-trace551599821'><pre>java.lang.AssertionError: Fail URL: https://p6-qa.samsung.com/my/business/smart-signage/uhd-4k-signage/qbb-quantum-processor-4k-signage-lh55qbbebgcxxs expected [true] but found [false]
	at org.testng.Assert.fail(Assert.java:99)
	at org.testng.Assert.failNotEquals(Assert.java:1037)
	at org.testng.Assert.assertTrue(Assert.java:45)
	at projectss.testcases.MetaTest.verifyExistOfMetaContent(MetaTest.java:122)
	at sun.reflect.GeneratedMethodAccessor2.invoke(Unknown Source)
	at sun.reflect.DelegatingMethodAccessorImpl.invoke(DelegatingMethodAccessorImpl.java:43)
	at java.lang.reflect.Method.invoke(Method.java:498)
	at org.testng.internal.MethodInvocationHelper.invokeMethod(MethodInvocationHelper.java:133)
	at org.testng.internal.TestInvoker.invokeMethod(TestInvoker.java:598)
	at org.testng.internal.TestInvoker.invokeTestMethod(TestInvoker.java:173)
	at org.testng.internal.MethodRunner.runInSequence(MethodRunner.java:46)
	at org.testng.internal.TestInvoker$MethodInvocationAgent.invoke(TestInvoker.java:824)
	at org.testng.internal.TestInvoker.invokeTestMethods(TestInvoker.java:146)
	at org.testng.internal.TestMethodWorker.invokeTestMethods(TestMethodWorker.java:146)
	at org.testng.internal.TestMethodWorker.run(TestMethodWorker.java:128)
	at java.util.ArrayList.forEach(ArrayList.java:1259)
	at org.testng.TestRunner.privateRun(TestRunner.java:794)
	at org.testng.TestRunner.run(TestRunner.java:596)
	at org.testng.SuiteRunner.runTest(SuiteRunner.java:377)
	at org.testng.SuiteRunner.runSequentially(SuiteRunner.java:371)
	at org.testng.SuiteRunner.privateRun(SuiteRunner.java:332)
	at org.testng.SuiteRunner.run(SuiteRunner.java:276)
	at org.testng.SuiteRunnerWorker.runSuite(SuiteRunnerWorker.java:53)
	at org.testng.SuiteRunnerWorker.run(SuiteRunnerWorker.java:96)
	at org.testng.TestNG.runSuitesSequentially(TestNG.java:1212)
	at org.testng.TestNG.runSuitesLocally(TestNG.java:1134)
	at org.testng.TestNG.runSuites(TestNG.java:1063)
	at org.testng.TestNG.run(TestNG.java:1031)
	at com.intellij.rt.testng.IDEARemoteTestNG.run(IDEARemoteTestNG.java:66)
	at com.intellij.rt.testng.RemoteTestNGStarter.main(RemoteTestNGStarter.java:105)
</pre></div></td>
<td>6</td>
<td>projectss.testcases.MetaTest@5a1c0542</td></tr>
<tr>
<td title='projectss.testcases.MetaTest.verifyExistOfMetaContent()'><b>verifyExistOfMetaContent</b><br>Test class: projectss.testcases.MetaTest<br>Parameters: https://p6-qa.samsung.com/my/business/smart-signage/outdoor-signage/omn-ds-3000nit-24hr-ip5x-double-sided-lh55omndsgbxxs</td>
<td><div><pre>java.lang.AssertionError: Fail URL: https://p6-qa.samsung.com/my/business/smart-signage/outdoor-signage/omn-ds-3000nit-24hr-ip5x-double-sided-lh55omndsgbxxs expected [true] but found [false]
	at projectss.testcases.MetaTest.verifyExistOfMetaContent(MetaTest.java:122)
	at java.util.ArrayList.forEach(ArrayList.java:1259)
	at com.intellij.rt.testng.IDEARemoteTestNG.run(IDEARemoteTestNG.java:66)
	at com.intellij.rt.testng.RemoteTestNGStarter.main(RemoteTestNGStarter.java:105)
... Removed 26 stack frames</pre></div><a href='#' onClick='toggleBox("stack-trace1586973114", this, "Click to show all stack frames", "Click to hide stack frames")'>Click to show all stack frames</a>
<div class='stack-trace' id='stack-trace1586973114'><pre>java.lang.AssertionError: Fail URL: https://p6-qa.samsung.com/my/business/smart-signage/outdoor-signage/omn-ds-3000nit-24hr-ip5x-double-sided-lh55omndsgbxxs expected [true] but found [false]
	at org.testng.Assert.fail(Assert.java:99)
	at org.testng.Assert.failNotEquals(Assert.java:1037)
	at org.testng.Assert.assertTrue(Assert.java:45)
	at projectss.testcases.MetaTest.verifyExistOfMetaContent(MetaTest.java:122)
	at sun.reflect.GeneratedMethodAccessor2.invoke(Unknown Source)
	at sun.reflect.DelegatingMethodAccessorImpl.invoke(DelegatingMethodAccessorImpl.java:43)
	at java.lang.reflect.Method.invoke(Method.java:498)
	at org.testng.internal.MethodInvocationHelper.invokeMethod(MethodInvocationHelper.java:133)
	at org.testng.internal.TestInvoker.invokeMethod(TestInvoker.java:598)
	at org.testng.internal.TestInvoker.invokeTestMethod(TestInvoker.java:173)
	at org.testng.internal.MethodRunner.runInSequence(MethodRunner.java:46)
	at org.testng.internal.TestInvoker$MethodInvocationAgent.invoke(TestInvoker.java:824)
	at org.testng.internal.TestInvoker.invokeTestMethods(TestInvoker.java:146)
	at org.testng.internal.TestMethodWorker.invokeTestMethods(TestMethodWorker.java:146)
	at org.testng.internal.TestMethodWorker.run(TestMethodWorker.java:128)
	at java.util.ArrayList.forEach(ArrayList.java:1259)
	at org.testng.TestRunner.privateRun(TestRunner.java:794)
	at org.testng.TestRunner.run(TestRunner.java:596)
	at org.testng.SuiteRunner.runTest(SuiteRunner.java:377)
	at org.testng.SuiteRunner.runSequentially(SuiteRunner.java:371)
	at org.testng.SuiteRunner.privateRun(SuiteRunner.java:332)
	at org.testng.SuiteRunner.run(SuiteRunner.java:276)
	at org.testng.SuiteRunnerWorker.runSuite(SuiteRunnerWorker.java:53)
	at org.testng.SuiteRunnerWorker.run(SuiteRunnerWorker.java:96)
	at org.testng.TestNG.runSuitesSequentially(TestNG.java:1212)
	at org.testng.TestNG.runSuitesLocally(TestNG.java:1134)
	at org.testng.TestNG.runSuites(TestNG.java:1063)
	at org.testng.TestNG.run(TestNG.java:1031)
	at com.intellij.rt.testng.IDEARemoteTestNG.run(IDEARemoteTestNG.java:66)
	at com.intellij.rt.testng.RemoteTestNGStarter.main(RemoteTestNGStarter.java:105)
</pre></div></td>
<td>5</td>
<td>projectss.testcases.MetaTest@5a1c0542</td></tr>
<tr>
<td title='projectss.testcases.MetaTest.verifyExistOfMetaContent()'><b>verifyExistOfMetaContent</b><br>Test class: projectss.testcases.MetaTest<br>Parameters: https://p6-qa.samsung.com/my/business/smart-signage/others/qb24c-small-digital-signage-lh24qbcebgcxxs</td>
<td><div><pre>java.lang.AssertionError: Fail URL: https://p6-qa.samsung.com/my/business/smart-signage/others/qb24c-small-digital-signage-lh24qbcebgcxxs expected [true] but found [false]
	at projectss.testcases.MetaTest.verifyExistOfMetaContent(MetaTest.java:122)
	at java.util.ArrayList.forEach(ArrayList.java:1259)
	at com.intellij.rt.testng.IDEARemoteTestNG.run(IDEARemoteTestNG.java:66)
	at com.intellij.rt.testng.RemoteTestNGStarter.main(RemoteTestNGStarter.java:105)
... Removed 26 stack frames</pre></div><a href='#' onClick='toggleBox("stack-trace1565144319", this, "Click to show all stack frames", "Click to hide stack frames")'>Click to show all stack frames</a>
<div class='stack-trace' id='stack-trace1565144319'><pre>java.lang.AssertionError: Fail URL: https://p6-qa.samsung.com/my/business/smart-signage/others/qb24c-small-digital-signage-lh24qbcebgcxxs expected [true] but found [false]
	at org.testng.Assert.fail(Assert.java:99)
	at org.testng.Assert.failNotEquals(Assert.java:1037)
	at org.testng.Assert.assertTrue(Assert.java:45)
	at projectss.testcases.MetaTest.verifyExistOfMetaContent(MetaTest.java:122)
	at sun.reflect.GeneratedMethodAccessor2.invoke(Unknown Source)
	at sun.reflect.DelegatingMethodAccessorImpl.invoke(DelegatingMethodAccessorImpl.java:43)
	at java.lang.reflect.Method.invoke(Method.java:498)
	at org.testng.internal.MethodInvocationHelper.invokeMethod(MethodInvocationHelper.java:133)
	at org.testng.internal.TestInvoker.invokeMethod(TestInvoker.java:598)
	at org.testng.internal.TestInvoker.invokeTestMethod(TestInvoker.java:173)
	at org.testng.internal.MethodRunner.runInSequence(MethodRunner.java:46)
	at org.testng.internal.TestInvoker$MethodInvocationAgent.invoke(TestInvoker.java:824)
	at org.testng.internal.TestInvoker.invokeTestMethods(TestInvoker.java:146)
	at org.testng.internal.TestMethodWorker.invokeTestMethods(TestMethodWorker.java:146)
	at org.testng.internal.TestMethodWorker.run(TestMethodWorker.java:128)
	at java.util.ArrayList.forEach(ArrayList.java:1259)
	at org.testng.TestRunner.privateRun(TestRunner.java:794)
	at org.testng.TestRunner.run(TestRunner.java:596)
	at org.testng.SuiteRunner.runTest(SuiteRunner.java:377)
	at org.testng.SuiteRunner.runSequentially(SuiteRunner.java:371)
	at org.testng.SuiteRunner.privateRun(SuiteRunner.java:332)
	at org.testng.SuiteRunner.run(SuiteRunner.java:276)
	at org.testng.SuiteRunnerWorker.runSuite(SuiteRunnerWorker.java:53)
	at org.testng.SuiteRunnerWorker.run(SuiteRunnerWorker.java:96)
	at org.testng.TestNG.runSuitesSequentially(TestNG.java:1212)
	at org.testng.TestNG.runSuitesLocally(TestNG.java:1134)
	at org.testng.TestNG.runSuites(TestNG.java:1063)
	at org.testng.TestNG.run(TestNG.java:1031)
	at com.intellij.rt.testng.IDEARemoteTestNG.run(IDEARemoteTestNG.java:66)
	at com.intellij.rt.testng.RemoteTestNGStarter.main(RemoteTestNGStarter.java:105)
</pre></div></td>
<td>3</td>
<td>projectss.testcases.MetaTest@5a1c0542</td></tr>
<tr>
<td title='projectss.testcases.MetaTest.verifyExistOfMetaContent()'><b>verifyExistOfMetaContent</b><br>Test class: projectss.testcases.MetaTest<br>Parameters: https://p6-qa.samsung.com/my/business/smart-signage/others/qbr-b-fhd-1080p-250nit-ip5x-lh24qbrbbgcxxs</td>
<td><div><pre>java.lang.AssertionError: Fail URL: https://p6-qa.samsung.com/my/business/smart-signage/others/qbr-b-fhd-1080p-250nit-ip5x-lh24qbrbbgcxxs expected [true] but found [false]
	at projectss.testcases.MetaTest.verifyExistOfMetaContent(MetaTest.java:122)
	at java.util.ArrayList.forEach(ArrayList.java:1259)
	at com.intellij.rt.testng.IDEARemoteTestNG.run(IDEARemoteTestNG.java:66)
	at com.intellij.rt.testng.RemoteTestNGStarter.main(RemoteTestNGStarter.java:105)
... Removed 26 stack frames</pre></div><a href='#' onClick='toggleBox("stack-trace1650803411", this, "Click to show all stack frames", "Click to hide stack frames")'>Click to show all stack frames</a>
<div class='stack-trace' id='stack-trace1650803411'><pre>java.lang.AssertionError: Fail URL: https://p6-qa.samsung.com/my/business/smart-signage/others/qbr-b-fhd-1080p-250nit-ip5x-lh24qbrbbgcxxs expected [true] but found [false]
	at org.testng.Assert.fail(Assert.java:99)
	at org.testng.Assert.failNotEquals(Assert.java:1037)
	at org.testng.Assert.assertTrue(Assert.java:45)
	at projectss.testcases.MetaTest.verifyExistOfMetaContent(MetaTest.java:122)
	at sun.reflect.GeneratedMethodAccessor2.invoke(Unknown Source)
	at sun.reflect.DelegatingMethodAccessorImpl.invoke(DelegatingMethodAccessorImpl.java:43)
	at java.lang.reflect.Method.invoke(Method.java:498)
	at org.testng.internal.MethodInvocationHelper.invokeMethod(MethodInvocationHelper.java:133)
	at org.testng.internal.TestInvoker.invokeMethod(TestInvoker.java:598)
	at org.testng.internal.TestInvoker.invokeTestMethod(TestInvoker.java:173)
	at org.testng.internal.MethodRunner.runInSequence(MethodRunner.java:46)
	at org.testng.internal.TestInvoker$MethodInvocationAgent.invoke(TestInvoker.java:824)
	at org.testng.internal.TestInvoker.invokeTestMethods(TestInvoker.java:146)
	at org.testng.internal.TestMethodWorker.invokeTestMethods(TestMethodWorker.java:146)
	at org.testng.internal.TestMethodWorker.run(TestMethodWorker.java:128)
	at java.util.ArrayList.forEach(ArrayList.java:1259)
	at org.testng.TestRunner.privateRun(TestRunner.java:794)
	at org.testng.TestRunner.run(TestRunner.java:596)
	at org.testng.SuiteRunner.runTest(SuiteRunner.java:377)
	at org.testng.SuiteRunner.runSequentially(SuiteRunner.java:371)
	at org.testng.SuiteRunner.privateRun(SuiteRunner.java:332)
	at org.testng.SuiteRunner.run(SuiteRunner.java:276)
	at org.testng.SuiteRunnerWorker.runSuite(SuiteRunnerWorker.java:53)
	at org.testng.SuiteRunnerWorker.run(SuiteRunnerWorker.java:96)
	at org.testng.TestNG.runSuitesSequentially(TestNG.java:1212)
	at org.testng.TestNG.runSuitesLocally(TestNG.java:1134)
	at org.testng.TestNG.runSuites(TestNG.java:1063)
	at org.testng.TestNG.run(TestNG.java:1031)
	at com.intellij.rt.testng.IDEARemoteTestNG.run(IDEARemoteTestNG.java:66)
	at com.intellij.rt.testng.RemoteTestNGStarter.main(RemoteTestNGStarter.java:105)
</pre></div></td>
<td>5</td>
<td>projectss.testcases.MetaTest@5a1c0542</td></tr>
<tr>
<td title='projectss.testcases.MetaTest.verifyExistOfMetaContent()'><b>verifyExistOfMetaContent</b><br>Test class: projectss.testcases.MetaTest<br>Parameters: https://p6-qa.samsung.com/my/business/smart-signage/others/bec-h-biztv-uhd-4k-biztv-lh43bechlgkxxm</td>
<td><div><pre>java.lang.AssertionError: Fail URL: https://p6-qa.samsung.com/my/business/smart-signage/others/bec-h-biztv-uhd-4k-biztv-lh43bechlgkxxm expected [true] but found [false]
	at projectss.testcases.MetaTest.verifyExistOfMetaContent(MetaTest.java:122)
	at java.util.ArrayList.forEach(ArrayList.java:1259)
	at com.intellij.rt.testng.IDEARemoteTestNG.run(IDEARemoteTestNG.java:66)
	at com.intellij.rt.testng.RemoteTestNGStarter.main(RemoteTestNGStarter.java:105)
... Removed 27 stack frames</pre></div><a href='#' onClick='toggleBox("stack-trace703555670", this, "Click to show all stack frames", "Click to hide stack frames")'>Click to show all stack frames</a>
<div class='stack-trace' id='stack-trace703555670'><pre>java.lang.AssertionError: Fail URL: https://p6-qa.samsung.com/my/business/smart-signage/others/bec-h-biztv-uhd-4k-biztv-lh43bechlgkxxm expected [true] but found [false]
	at org.testng.Assert.fail(Assert.java:99)
	at org.testng.Assert.failNotEquals(Assert.java:1037)
	at org.testng.Assert.assertTrue(Assert.java:45)
	at projectss.testcases.MetaTest.verifyExistOfMetaContent(MetaTest.java:122)
	at sun.reflect.NativeMethodAccessorImpl.invoke0(Native Method)
	at sun.reflect.NativeMethodAccessorImpl.invoke(NativeMethodAccessorImpl.java:62)
	at sun.reflect.DelegatingMethodAccessorImpl.invoke(DelegatingMethodAccessorImpl.java:43)
	at java.lang.reflect.Method.invoke(Method.java:498)
	at org.testng.internal.MethodInvocationHelper.invokeMethod(MethodInvocationHelper.java:133)
	at org.testng.internal.TestInvoker.invokeMethod(TestInvoker.java:598)
	at org.testng.internal.TestInvoker.invokeTestMethod(TestInvoker.java:173)
	at org.testng.internal.MethodRunner.runInSequence(MethodRunner.java:46)
	at org.testng.internal.TestInvoker$MethodInvocationAgent.invoke(TestInvoker.java:824)
	at org.testng.internal.TestInvoker.invokeTestMethods(TestInvoker.java:146)
	at org.testng.internal.TestMethodWorker.invokeTestMethods(TestMethodWorker.java:146)
	at org.testng.internal.TestMethodWorker.run(TestMethodWorker.java:128)
	at java.util.ArrayList.forEach(ArrayList.java:1259)
	at org.testng.TestRunner.privateRun(TestRunner.java:794)
	at org.testng.TestRunner.run(TestRunner.java:596)
	at org.testng.SuiteRunner.runTest(SuiteRunner.java:377)
	at org.testng.SuiteRunner.runSequentially(SuiteRunner.java:371)
	at org.testng.SuiteRunner.privateRun(SuiteRunner.java:332)
	at org.testng.SuiteRunner.run(SuiteRunner.java:276)
	at org.testng.SuiteRunnerWorker.runSuite(SuiteRunnerWorker.java:53)
	at org.testng.SuiteRunnerWorker.run(SuiteRunnerWorker.java:96)
	at org.testng.TestNG.runSuitesSequentially(TestNG.java:1212)
	at org.testng.TestNG.runSuitesLocally(TestNG.java:1134)
	at org.testng.TestNG.runSuites(TestNG.java:1063)
	at org.testng.TestNG.run(TestNG.java:1031)
	at com.intellij.rt.testng.IDEARemoteTestNG.run(IDEARemoteTestNG.java:66)
	at com.intellij.rt.testng.RemoteTestNGStarter.main(RemoteTestNGStarter.java:105)
</pre></div></td>
<td>5</td>
<td>projectss.testcases.MetaTest@5a1c0542</td></tr>
<tr>
<td title='projectss.testcases.MetaTest.verifyExistOfMetaContent()'><b>verifyExistOfMetaContent</b><br>Test class: projectss.testcases.MetaTest<br>Parameters: https://p6-qa.samsung.com/my/business/led-signage/the-wall/the-wall-all-in-one-lh012iabmhs-xs</td>
<td><div><pre>java.lang.AssertionError: Fail URL: https://p6-qa.samsung.com/my/business/led-signage/the-wall/the-wall-all-in-one-lh012iabmhs-xs expected [true] but found [false]
	at projectss.testcases.MetaTest.verifyExistOfMetaContent(MetaTest.java:122)
	at java.util.ArrayList.forEach(ArrayList.java:1259)
	at com.intellij.rt.testng.IDEARemoteTestNG.run(IDEARemoteTestNG.java:66)
	at com.intellij.rt.testng.RemoteTestNGStarter.main(RemoteTestNGStarter.java:105)
... Removed 26 stack frames</pre></div><a href='#' onClick='toggleBox("stack-trace1693338388", this, "Click to show all stack frames", "Click to hide stack frames")'>Click to show all stack frames</a>
<div class='stack-trace' id='stack-trace1693338388'><pre>java.lang.AssertionError: Fail URL: https://p6-qa.samsung.com/my/business/led-signage/the-wall/the-wall-all-in-one-lh012iabmhs-xs expected [true] but found [false]
	at org.testng.Assert.fail(Assert.java:99)
	at org.testng.Assert.failNotEquals(Assert.java:1037)
	at org.testng.Assert.assertTrue(Assert.java:45)
	at projectss.testcases.MetaTest.verifyExistOfMetaContent(MetaTest.java:122)
	at sun.reflect.GeneratedMethodAccessor2.invoke(Unknown Source)
	at sun.reflect.DelegatingMethodAccessorImpl.invoke(DelegatingMethodAccessorImpl.java:43)
	at java.lang.reflect.Method.invoke(Method.java:498)
	at org.testng.internal.MethodInvocationHelper.invokeMethod(MethodInvocationHelper.java:133)
	at org.testng.internal.TestInvoker.invokeMethod(TestInvoker.java:598)
	at org.testng.internal.TestInvoker.invokeTestMethod(TestInvoker.java:173)
	at org.testng.internal.MethodRunner.runInSequence(MethodRunner.java:46)
	at org.testng.internal.TestInvoker$MethodInvocationAgent.invoke(TestInvoker.java:824)
	at org.testng.internal.TestInvoker.invokeTestMethods(TestInvoker.java:146)
	at org.testng.internal.TestMethodWorker.invokeTestMethods(TestMethodWorker.java:146)
	at org.testng.internal.TestMethodWorker.run(TestMethodWorker.java:128)
	at java.util.ArrayList.forEach(ArrayList.java:1259)
	at org.testng.TestRunner.privateRun(TestRunner.java:794)
	at org.testng.TestRunner.run(TestRunner.java:596)
	at org.testng.SuiteRunner.runTest(SuiteRunner.java:377)
	at org.testng.SuiteRunner.runSequentially(SuiteRunner.java:371)
	at org.testng.SuiteRunner.privateRun(SuiteRunner.java:332)
	at org.testng.SuiteRunner.run(SuiteRunner.java:276)
	at org.testng.SuiteRunnerWorker.runSuite(SuiteRunnerWorker.java:53)
	at org.testng.SuiteRunnerWorker.run(SuiteRunnerWorker.java:96)
	at org.testng.TestNG.runSuitesSequentially(TestNG.java:1212)
	at org.testng.TestNG.runSuitesLocally(TestNG.java:1134)
	at org.testng.TestNG.runSuites(TestNG.java:1063)
	at org.testng.TestNG.run(TestNG.java:1031)
	at com.intellij.rt.testng.IDEARemoteTestNG.run(IDEARemoteTestNG.java:66)
	at com.intellij.rt.testng.RemoteTestNGStarter.main(RemoteTestNGStarter.java:105)
</pre></div></td>
<td>3</td>
<td>projectss.testcases.MetaTest@5a1c0542</td></tr>
<tr>
<td title='projectss.testcases.MetaTest.verifyExistOfMetaContent()'><b>verifyExistOfMetaContent</b><br>Test class: projectss.testcases.MetaTest<br>Parameters: https://p6-qa.samsung.com/my/business/smart-signage/uhd-4k-signage/qmb-quantum-processor-4k-signage-lh50qmbebgcxxs</td>
<td><div><pre>java.lang.AssertionError: Fail URL: https://p6-qa.samsung.com/my/business/smart-signage/uhd-4k-signage/qmb-quantum-processor-4k-signage-lh50qmbebgcxxs expected [true] but found [false]
	at projectss.testcases.MetaTest.verifyExistOfMetaContent(MetaTest.java:122)
	at java.util.ArrayList.forEach(ArrayList.java:1259)
	at com.intellij.rt.testng.IDEARemoteTestNG.run(IDEARemoteTestNG.java:66)
	at com.intellij.rt.testng.RemoteTestNGStarter.main(RemoteTestNGStarter.java:105)
... Removed 26 stack frames</pre></div><a href='#' onClick='toggleBox("stack-trace802439528", this, "Click to show all stack frames", "Click to hide stack frames")'>Click to show all stack frames</a>
<div class='stack-trace' id='stack-trace802439528'><pre>java.lang.AssertionError: Fail URL: https://p6-qa.samsung.com/my/business/smart-signage/uhd-4k-signage/qmb-quantum-processor-4k-signage-lh50qmbebgcxxs expected [true] but found [false]
	at org.testng.Assert.fail(Assert.java:99)
	at org.testng.Assert.failNotEquals(Assert.java:1037)
	at org.testng.Assert.assertTrue(Assert.java:45)
	at projectss.testcases.MetaTest.verifyExistOfMetaContent(MetaTest.java:122)
	at sun.reflect.GeneratedMethodAccessor2.invoke(Unknown Source)
	at sun.reflect.DelegatingMethodAccessorImpl.invoke(DelegatingMethodAccessorImpl.java:43)
	at java.lang.reflect.Method.invoke(Method.java:498)
	at org.testng.internal.MethodInvocationHelper.invokeMethod(MethodInvocationHelper.java:133)
	at org.testng.internal.TestInvoker.invokeMethod(TestInvoker.java:598)
	at org.testng.internal.TestInvoker.invokeTestMethod(TestInvoker.java:173)
	at org.testng.internal.MethodRunner.runInSequence(MethodRunner.java:46)
	at org.testng.internal.TestInvoker$MethodInvocationAgent.invoke(TestInvoker.java:824)
	at org.testng.internal.TestInvoker.invokeTestMethods(TestInvoker.java:146)
	at org.testng.internal.TestMethodWorker.invokeTestMethods(TestMethodWorker.java:146)
	at org.testng.internal.TestMethodWorker.run(TestMethodWorker.java:128)
	at java.util.ArrayList.forEach(ArrayList.java:1259)
	at org.testng.TestRunner.privateRun(TestRunner.java:794)
	at org.testng.TestRunner.run(TestRunner.java:596)
	at org.testng.SuiteRunner.runTest(SuiteRunner.java:377)
	at org.testng.SuiteRunner.runSequentially(SuiteRunner.java:371)
	at org.testng.SuiteRunner.privateRun(SuiteRunner.java:332)
	at org.testng.SuiteRunner.run(SuiteRunner.java:276)
	at org.testng.SuiteRunnerWorker.runSuite(SuiteRunnerWorker.java:53)
	at org.testng.SuiteRunnerWorker.run(SuiteRunnerWorker.java:96)
	at org.testng.TestNG.runSuitesSequentially(TestNG.java:1212)
	at org.testng.TestNG.runSuitesLocally(TestNG.java:1134)
	at org.testng.TestNG.runSuites(TestNG.java:1063)
	at org.testng.TestNG.run(TestNG.java:1031)
	at com.intellij.rt.testng.IDEARemoteTestNG.run(IDEARemoteTestNG.java:66)
	at com.intellij.rt.testng.RemoteTestNGStarter.main(RemoteTestNGStarter.java:105)
</pre></div></td>
<td>3</td>
<td>projectss.testcases.MetaTest@5a1c0542</td></tr>
<tr>
<td title='projectss.testcases.MetaTest.verifyExistOfMetaContent()'><b>verifyExistOfMetaContent</b><br>Test class: projectss.testcases.MetaTest<br>Parameters: https://p6-qa.samsung.com/my/business/smart-signage/others/bec-h-biztv-uhd-4k-biztv-lh55bechlgkxxm</td>
<td><div><pre>java.lang.AssertionError: Fail URL: https://p6-qa.samsung.com/my/business/smart-signage/others/bec-h-biztv-uhd-4k-biztv-lh55bechlgkxxm expected [true] but found [false]
	at projectss.testcases.MetaTest.verifyExistOfMetaContent(MetaTest.java:122)
	at java.util.ArrayList.forEach(ArrayList.java:1259)
	at com.intellij.rt.testng.IDEARemoteTestNG.run(IDEARemoteTestNG.java:66)
	at com.intellij.rt.testng.RemoteTestNGStarter.main(RemoteTestNGStarter.java:105)
... Removed 27 stack frames</pre></div><a href='#' onClick='toggleBox("stack-trace347791431", this, "Click to show all stack frames", "Click to hide stack frames")'>Click to show all stack frames</a>
<div class='stack-trace' id='stack-trace347791431'><pre>java.lang.AssertionError: Fail URL: https://p6-qa.samsung.com/my/business/smart-signage/others/bec-h-biztv-uhd-4k-biztv-lh55bechlgkxxm expected [true] but found [false]
	at org.testng.Assert.fail(Assert.java:99)
	at org.testng.Assert.failNotEquals(Assert.java:1037)
	at org.testng.Assert.assertTrue(Assert.java:45)
	at projectss.testcases.MetaTest.verifyExistOfMetaContent(MetaTest.java:122)
	at sun.reflect.NativeMethodAccessorImpl.invoke0(Native Method)
	at sun.reflect.NativeMethodAccessorImpl.invoke(NativeMethodAccessorImpl.java:62)
	at sun.reflect.DelegatingMethodAccessorImpl.invoke(DelegatingMethodAccessorImpl.java:43)
	at java.lang.reflect.Method.invoke(Method.java:498)
	at org.testng.internal.MethodInvocationHelper.invokeMethod(MethodInvocationHelper.java:133)
	at org.testng.internal.TestInvoker.invokeMethod(TestInvoker.java:598)
	at org.testng.internal.TestInvoker.invokeTestMethod(TestInvoker.java:173)
	at org.testng.internal.MethodRunner.runInSequence(MethodRunner.java:46)
	at org.testng.internal.TestInvoker$MethodInvocationAgent.invoke(TestInvoker.java:824)
	at org.testng.internal.TestInvoker.invokeTestMethods(TestInvoker.java:146)
	at org.testng.internal.TestMethodWorker.invokeTestMethods(TestMethodWorker.java:146)
	at org.testng.internal.TestMethodWorker.run(TestMethodWorker.java:128)
	at java.util.ArrayList.forEach(ArrayList.java:1259)
	at org.testng.TestRunner.privateRun(TestRunner.java:794)
	at org.testng.TestRunner.run(TestRunner.java:596)
	at org.testng.SuiteRunner.runTest(SuiteRunner.java:377)
	at org.testng.SuiteRunner.runSequentially(SuiteRunner.java:371)
	at org.testng.SuiteRunner.privateRun(SuiteRunner.java:332)
	at org.testng.SuiteRunner.run(SuiteRunner.java:276)
	at org.testng.SuiteRunnerWorker.runSuite(SuiteRunnerWorker.java:53)
	at org.testng.SuiteRunnerWorker.run(SuiteRunnerWorker.java:96)
	at org.testng.TestNG.runSuitesSequentially(TestNG.java:1212)
	at org.testng.TestNG.runSuitesLocally(TestNG.java:1134)
	at org.testng.TestNG.runSuites(TestNG.java:1063)
	at org.testng.TestNG.run(TestNG.java:1031)
	at com.intellij.rt.testng.IDEARemoteTestNG.run(IDEARemoteTestNG.java:66)
	at com.intellij.rt.testng.RemoteTestNGStarter.main(RemoteTestNGStarter.java:105)
</pre></div></td>
<td>6</td>
<td>projectss.testcases.MetaTest@5a1c0542</td></tr>
<tr>
<td title='projectss.testcases.MetaTest.verifyExistOfMetaContent()'><b>verifyExistOfMetaContent</b><br>Test class: projectss.testcases.MetaTest<br>Parameters: https://p6-qa.samsung.com/my/business/led-signage/outdoor-led/xa100t-lh100xatsac-xm</td>
<td><div><pre>java.lang.AssertionError: Fail URL: https://p6-qa.samsung.com/my/business/led-signage/outdoor-led/xa100t-lh100xatsac-xm expected [true] but found [false]
	at projectss.testcases.MetaTest.verifyExistOfMetaContent(MetaTest.java:122)
	at java.util.ArrayList.forEach(ArrayList.java:1259)
	at com.intellij.rt.testng.IDEARemoteTestNG.run(IDEARemoteTestNG.java:66)
	at com.intellij.rt.testng.RemoteTestNGStarter.main(RemoteTestNGStarter.java:105)
... Removed 26 stack frames</pre></div><a href='#' onClick='toggleBox("stack-trace278898914", this, "Click to show all stack frames", "Click to hide stack frames")'>Click to show all stack frames</a>
<div class='stack-trace' id='stack-trace278898914'><pre>java.lang.AssertionError: Fail URL: https://p6-qa.samsung.com/my/business/led-signage/outdoor-led/xa100t-lh100xatsac-xm expected [true] but found [false]
	at org.testng.Assert.fail(Assert.java:99)
	at org.testng.Assert.failNotEquals(Assert.java:1037)
	at org.testng.Assert.assertTrue(Assert.java:45)
	at projectss.testcases.MetaTest.verifyExistOfMetaContent(MetaTest.java:122)
	at sun.reflect.GeneratedMethodAccessor2.invoke(Unknown Source)
	at sun.reflect.DelegatingMethodAccessorImpl.invoke(DelegatingMethodAccessorImpl.java:43)
	at java.lang.reflect.Method.invoke(Method.java:498)
	at org.testng.internal.MethodInvocationHelper.invokeMethod(MethodInvocationHelper.java:133)
	at org.testng.internal.TestInvoker.invokeMethod(TestInvoker.java:598)
	at org.testng.internal.TestInvoker.invokeTestMethod(TestInvoker.java:173)
	at org.testng.internal.MethodRunner.runInSequence(MethodRunner.java:46)
	at org.testng.internal.TestInvoker$MethodInvocationAgent.invoke(TestInvoker.java:824)
	at org.testng.internal.TestInvoker.invokeTestMethods(TestInvoker.java:146)
	at org.testng.internal.TestMethodWorker.invokeTestMethods(TestMethodWorker.java:146)
	at org.testng.internal.TestMethodWorker.run(TestMethodWorker.java:128)
	at java.util.ArrayList.forEach(ArrayList.java:1259)
	at org.testng.TestRunner.privateRun(TestRunner.java:794)
	at org.testng.TestRunner.run(TestRunner.java:596)
	at org.testng.SuiteRunner.runTest(SuiteRunner.java:377)
	at org.testng.SuiteRunner.runSequentially(SuiteRunner.java:371)
	at org.testng.SuiteRunner.privateRun(SuiteRunner.java:332)
	at org.testng.SuiteRunner.run(SuiteRunner.java:276)
	at org.testng.SuiteRunnerWorker.runSuite(SuiteRunnerWorker.java:53)
	at org.testng.SuiteRunnerWorker.run(SuiteRunnerWorker.java:96)
	at org.testng.TestNG.runSuitesSequentially(TestNG.java:1212)
	at org.testng.TestNG.runSuitesLocally(TestNG.java:1134)
	at org.testng.TestNG.runSuites(TestNG.java:1063)
	at org.testng.TestNG.run(TestNG.java:1031)
	at com.intellij.rt.testng.IDEARemoteTestNG.run(IDEARemoteTestNG.java:66)
	at com.intellij.rt.testng.RemoteTestNGStarter.main(RemoteTestNGStarter.java:105)
</pre></div></td>
<td>3</td>
<td>projectss.testcases.MetaTest@5a1c0542</td></tr>
<tr>
<td title='projectss.testcases.MetaTest.verifyExistOfMetaContent()'><b>verifyExistOfMetaContent</b><br>Test class: projectss.testcases.MetaTest<br>Parameters: https://p6-qa.samsung.com/my/business/smart-signage/video-wall/vmb-e-fhd-1080p-500nit-ip5x-174mm-lh55vmbebgbxxs</td>
<td><div><pre>java.lang.AssertionError: Fail URL: https://p6-qa.samsung.com/my/business/smart-signage/video-wall/vmb-e-fhd-1080p-500nit-ip5x-174mm-lh55vmbebgbxxs expected [true] but found [false]
	at projectss.testcases.MetaTest.verifyExistOfMetaContent(MetaTest.java:122)
	at java.util.ArrayList.forEach(ArrayList.java:1259)
	at com.intellij.rt.testng.IDEARemoteTestNG.run(IDEARemoteTestNG.java:66)
	at com.intellij.rt.testng.RemoteTestNGStarter.main(RemoteTestNGStarter.java:105)
... Removed 26 stack frames</pre></div><a href='#' onClick='toggleBox("stack-trace450039662", this, "Click to show all stack frames", "Click to hide stack frames")'>Click to show all stack frames</a>
<div class='stack-trace' id='stack-trace450039662'><pre>java.lang.AssertionError: Fail URL: https://p6-qa.samsung.com/my/business/smart-signage/video-wall/vmb-e-fhd-1080p-500nit-ip5x-174mm-lh55vmbebgbxxs expected [true] but found [false]
	at org.testng.Assert.fail(Assert.java:99)
	at org.testng.Assert.failNotEquals(Assert.java:1037)
	at org.testng.Assert.assertTrue(Assert.java:45)
	at projectss.testcases.MetaTest.verifyExistOfMetaContent(MetaTest.java:122)
	at sun.reflect.GeneratedMethodAccessor2.invoke(Unknown Source)
	at sun.reflect.DelegatingMethodAccessorImpl.invoke(DelegatingMethodAccessorImpl.java:43)
	at java.lang.reflect.Method.invoke(Method.java:498)
	at org.testng.internal.MethodInvocationHelper.invokeMethod(MethodInvocationHelper.java:133)
	at org.testng.internal.TestInvoker.invokeMethod(TestInvoker.java:598)
	at org.testng.internal.TestInvoker.invokeTestMethod(TestInvoker.java:173)
	at org.testng.internal.MethodRunner.runInSequence(MethodRunner.java:46)
	at org.testng.internal.TestInvoker$MethodInvocationAgent.invoke(TestInvoker.java:824)
	at org.testng.internal.TestInvoker.invokeTestMethods(TestInvoker.java:146)
	at org.testng.internal.TestMethodWorker.invokeTestMethods(TestMethodWorker.java:146)
	at org.testng.internal.TestMethodWorker.run(TestMethodWorker.java:128)
	at java.util.ArrayList.forEach(ArrayList.java:1259)
	at org.testng.TestRunner.privateRun(TestRunner.java:794)
	at org.testng.TestRunner.run(TestRunner.java:596)
	at org.testng.SuiteRunner.runTest(SuiteRunner.java:377)
	at org.testng.SuiteRunner.runSequentially(SuiteRunner.java:371)
	at org.testng.SuiteRunner.privateRun(SuiteRunner.java:332)
	at org.testng.SuiteRunner.run(SuiteRunner.java:276)
	at org.testng.SuiteRunnerWorker.runSuite(SuiteRunnerWorker.java:53)
	at org.testng.SuiteRunnerWorker.run(SuiteRunnerWorker.java:96)
	at org.testng.TestNG.runSuitesSequentially(TestNG.java:1212)
	at org.testng.TestNG.runSuitesLocally(TestNG.java:1134)
	at org.testng.TestNG.runSuites(TestNG.java:1063)
	at org.testng.TestNG.run(TestNG.java:1031)
	at com.intellij.rt.testng.IDEARemoteTestNG.run(IDEARemoteTestNG.java:66)
	at com.intellij.rt.testng.RemoteTestNGStarter.main(RemoteTestNGStarter.java:105)
</pre></div></td>
<td>3</td>
<td>projectss.testcases.MetaTest@5a1c0542</td></tr>
<tr>
<td title='projectss.testcases.MetaTest.verifyExistOfMetaContent()'><b>verifyExistOfMetaContent</b><br>Test class: projectss.testcases.MetaTest<br>Parameters: https://p6-qa.samsung.com/my/business/smart-signage/uhd-4k-signage/qhb-quantum-processor-4k-signage-lh75qhbebgcxxs</td>
<td><div><pre>java.lang.AssertionError: Fail URL: https://p6-qa.samsung.com/my/business/smart-signage/uhd-4k-signage/qhb-quantum-processor-4k-signage-lh75qhbebgcxxs expected [true] but found [false]
	at projectss.testcases.MetaTest.verifyExistOfMetaContent(MetaTest.java:122)
	at java.util.ArrayList.forEach(ArrayList.java:1259)
	at com.intellij.rt.testng.IDEARemoteTestNG.run(IDEARemoteTestNG.java:66)
	at com.intellij.rt.testng.RemoteTestNGStarter.main(RemoteTestNGStarter.java:105)
... Removed 26 stack frames</pre></div><a href='#' onClick='toggleBox("stack-trace982735022", this, "Click to show all stack frames", "Click to hide stack frames")'>Click to show all stack frames</a>
<div class='stack-trace' id='stack-trace982735022'><pre>java.lang.AssertionError: Fail URL: https://p6-qa.samsung.com/my/business/smart-signage/uhd-4k-signage/qhb-quantum-processor-4k-signage-lh75qhbebgcxxs expected [true] but found [false]
	at org.testng.Assert.fail(Assert.java:99)
	at org.testng.Assert.failNotEquals(Assert.java:1037)
	at org.testng.Assert.assertTrue(Assert.java:45)
	at projectss.testcases.MetaTest.verifyExistOfMetaContent(MetaTest.java:122)
	at sun.reflect.GeneratedMethodAccessor2.invoke(Unknown Source)
	at sun.reflect.DelegatingMethodAccessorImpl.invoke(DelegatingMethodAccessorImpl.java:43)
	at java.lang.reflect.Method.invoke(Method.java:498)
	at org.testng.internal.MethodInvocationHelper.invokeMethod(MethodInvocationHelper.java:133)
	at org.testng.internal.TestInvoker.invokeMethod(TestInvoker.java:598)
	at org.testng.internal.TestInvoker.invokeTestMethod(TestInvoker.java:173)
	at org.testng.internal.MethodRunner.runInSequence(MethodRunner.java:46)
	at org.testng.internal.TestInvoker$MethodInvocationAgent.invoke(TestInvoker.java:824)
	at org.testng.internal.TestInvoker.invokeTestMethods(TestInvoker.java:146)
	at org.testng.internal.TestMethodWorker.invokeTestMethods(TestMethodWorker.java:146)
	at org.testng.internal.TestMethodWorker.run(TestMethodWorker.java:128)
	at java.util.ArrayList.forEach(ArrayList.java:1259)
	at org.testng.TestRunner.privateRun(TestRunner.java:794)
	at org.testng.TestRunner.run(TestRunner.java:596)
	at org.testng.SuiteRunner.runTest(SuiteRunner.java:377)
	at org.testng.SuiteRunner.runSequentially(SuiteRunner.java:371)
	at org.testng.SuiteRunner.privateRun(SuiteRunner.java:332)
	at org.testng.SuiteRunner.run(SuiteRunner.java:276)
	at org.testng.SuiteRunnerWorker.runSuite(SuiteRunnerWorker.java:53)
	at org.testng.SuiteRunnerWorker.run(SuiteRunnerWorker.java:96)
	at org.testng.TestNG.runSuitesSequentially(TestNG.java:1212)
	at org.testng.TestNG.runSuitesLocally(TestNG.java:1134)
	at org.testng.TestNG.runSuites(TestNG.java:1063)
	at org.testng.TestNG.run(TestNG.java:1031)
	at com.intellij.rt.testng.IDEARemoteTestNG.run(IDEARemoteTestNG.java:66)
	at com.intellij.rt.testng.RemoteTestNGStarter.main(RemoteTestNGStarter.java:105)
</pre></div></td>
<td>4</td>
<td>projectss.testcases.MetaTest@5a1c0542</td></tr>
<tr>
<td title='projectss.testcases.MetaTest.verifyExistOfMetaContent()'><b>verifyExistOfMetaContent</b><br>Test class: projectss.testcases.MetaTest<br>Parameters: https://p6-qa.samsung.com/my/business/smart-signage/uhd-4k-signage/qmb-quantum-processor-4k-signage-lh55qmbebgcxxs</td>
<td><div><pre>java.lang.AssertionError: Fail URL: https://p6-qa.samsung.com/my/business/smart-signage/uhd-4k-signage/qmb-quantum-processor-4k-signage-lh55qmbebgcxxs expected [true] but found [false]
	at projectss.testcases.MetaTest.verifyExistOfMetaContent(MetaTest.java:122)
	at java.util.ArrayList.forEach(ArrayList.java:1259)
	at com.intellij.rt.testng.IDEARemoteTestNG.run(IDEARemoteTestNG.java:66)
	at com.intellij.rt.testng.RemoteTestNGStarter.main(RemoteTestNGStarter.java:105)
... Removed 26 stack frames</pre></div><a href='#' onClick='toggleBox("stack-trace1441084760", this, "Click to show all stack frames", "Click to hide stack frames")'>Click to show all stack frames</a>
<div class='stack-trace' id='stack-trace1441084760'><pre>java.lang.AssertionError: Fail URL: https://p6-qa.samsung.com/my/business/smart-signage/uhd-4k-signage/qmb-quantum-processor-4k-signage-lh55qmbebgcxxs expected [true] but found [false]
	at org.testng.Assert.fail(Assert.java:99)
	at org.testng.Assert.failNotEquals(Assert.java:1037)
	at org.testng.Assert.assertTrue(Assert.java:45)
	at projectss.testcases.MetaTest.verifyExistOfMetaContent(MetaTest.java:122)
	at sun.reflect.GeneratedMethodAccessor2.invoke(Unknown Source)
	at sun.reflect.DelegatingMethodAccessorImpl.invoke(DelegatingMethodAccessorImpl.java:43)
	at java.lang.reflect.Method.invoke(Method.java:498)
	at org.testng.internal.MethodInvocationHelper.invokeMethod(MethodInvocationHelper.java:133)
	at org.testng.internal.TestInvoker.invokeMethod(TestInvoker.java:598)
	at org.testng.internal.TestInvoker.invokeTestMethod(TestInvoker.java:173)
	at org.testng.internal.MethodRunner.runInSequence(MethodRunner.java:46)
	at org.testng.internal.TestInvoker$MethodInvocationAgent.invoke(TestInvoker.java:824)
	at org.testng.internal.TestInvoker.invokeTestMethods(TestInvoker.java:146)
	at org.testng.internal.TestMethodWorker.invokeTestMethods(TestMethodWorker.java:146)
	at org.testng.internal.TestMethodWorker.run(TestMethodWorker.java:128)
	at java.util.ArrayList.forEach(ArrayList.java:1259)
	at org.testng.TestRunner.privateRun(TestRunner.java:794)
	at org.testng.TestRunner.run(TestRunner.java:596)
	at org.testng.SuiteRunner.runTest(SuiteRunner.java:377)
	at org.testng.SuiteRunner.runSequentially(SuiteRunner.java:371)
	at org.testng.SuiteRunner.privateRun(SuiteRunner.java:332)
	at org.testng.SuiteRunner.run(SuiteRunner.java:276)
	at org.testng.SuiteRunnerWorker.runSuite(SuiteRunnerWorker.java:53)
	at org.testng.SuiteRunnerWorker.run(SuiteRunnerWorker.java:96)
	at org.testng.TestNG.runSuitesSequentially(TestNG.java:1212)
	at org.testng.TestNG.runSuitesLocally(TestNG.java:1134)
	at org.testng.TestNG.runSuites(TestNG.java:1063)
	at org.testng.TestNG.run(TestNG.java:1031)
	at com.intellij.rt.testng.IDEARemoteTestNG.run(IDEARemoteTestNG.java:66)
	at com.intellij.rt.testng.RemoteTestNGStarter.main(RemoteTestNGStarter.java:105)
</pre></div></td>
<td>5</td>
<td>projectss.testcases.MetaTest@5a1c0542</td></tr>
</table><p>
<table width='100%' border='1' class='invocation-passed'>
<tr><td colspan='4' align='center'><b>PASSED TESTS</b></td></tr>
<tr><td><b>Test method</b></td>
<td width="30%"><b>Exception</b></td>
<td width="10%"><b>Time (seconds)</b></td>
<td><b>Instance</b></td>
</tr>
<tr>
<td title='projectss.testcases.MetaTest.verifyExistOfMetaContent()'><b>verifyExistOfMetaContent</b><br>Test class: projectss.testcases.MetaTest<br>Parameters: https://p6-qa.samsung.com/my/business/smart-signage/interactive-display/qmb-t-uhd-4k-capacitive-touch-8ms-lh55qmbtbgcxxs</td>
<td></td>
<td>5</td>
<td>projectss.testcases.MetaTest@5a1c0542</td></tr>
<tr>
<td title='projectss.testcases.MetaTest.verifyExistOfMetaContent()'><b>verifyExistOfMetaContent</b><br>Test class: projectss.testcases.MetaTest<br>Parameters: https://p6-qa.samsung.com/my/business/smart-signage/interactive-display/interactive-display-wac-lh75wacwlgcxxs</td>
<td></td>
<td>4</td>
<td>projectss.testcases.MetaTest@5a1c0542</td></tr>
<tr>
<td title='projectss.testcases.MetaTest.verifyExistOfMetaContent()'><b>verifyExistOfMetaContent</b><br>Test class: projectss.testcases.MetaTest<br>Parameters: https://p6-qa.samsung.com/my/business/led-signage/the-wall/2021-the-wall-lh016iwamws-xu</td>
<td></td>
<td>5</td>
<td>projectss.testcases.MetaTest@5a1c0542</td></tr>
<tr>
<td title='projectss.testcases.MetaTest.verifyExistOfMetaContent()'><b>verifyExistOfMetaContent</b><br>Test class: projectss.testcases.MetaTest<br>Parameters: https://p6-qa.samsung.com/my/business/led-signage/indoor-led/ifr-f-1600nit-flexible-installation-lh020ifrcfs-xs</td>
<td></td>
<td>3</td>
<td>projectss.testcases.MetaTest@5a1c0542</td></tr>
<tr>
<td title='projectss.testcases.MetaTest.verifyExistOfMetaContent()'><b>verifyExistOfMetaContent</b><br>Test class: projectss.testcases.MetaTest<br>Parameters: https://p6-qa.samsung.com/my/business/led-signage/indoor-led/ifr-f-2400nit-flexible-installation-lh040ifrcfs-xs</td>
<td></td>
<td>4</td>
<td>projectss.testcases.MetaTest@5a1c0542</td></tr>
<tr>
<td title='projectss.testcases.MetaTest.verifyExistOfMetaContent()'><b>verifyExistOfMetaContent</b><br>Test class: projectss.testcases.MetaTest<br>Parameters: https://p6-qa.samsung.com/my/business/smart-signage/uhd-4k-signage/crystal-uhd-signage-qhc-75-inch-lh75qhcebgcxxs</td>
<td></td>
<td>3</td>
<td>projectss.testcases.MetaTest@5a1c0542</td></tr>
<tr>
<td title='projectss.testcases.MetaTest.verifyExistOfMetaContent()'><b>verifyExistOfMetaContent</b><br>Test class: projectss.testcases.MetaTest<br>Parameters: https://p6-qa.samsung.com/my/business/display-accessories/stn-km24a-stn-km24axxs</td>
<td></td>
<td>6</td>
<td>projectss.testcases.MetaTest@5a1c0542</td></tr>
<tr>
<td title='projectss.testcases.MetaTest.verifyExistOfMetaContent()'><b>verifyExistOfMetaContent</b><br>Test class: projectss.testcases.MetaTest<br>Parameters: https://p6-qa.samsung.com/my/business/led-signage/indoor-led/ifr-f-2400nit-flexible-installation-lh025ifrcfs-xs</td>
<td></td>
<td>3</td>
<td>projectss.testcases.MetaTest@5a1c0542</td></tr>
<tr>
<td title='projectss.testcases.MetaTest.verifyExistOfMetaContent()'><b>verifyExistOfMetaContent</b><br>Test class: projectss.testcases.MetaTest<br>Parameters: https://p6-qa.samsung.com/my/business/led-signage/indoor-led/ifr-2400nit-flexible-installation-lh040ifrcls-xs</td>
<td></td>
<td>3</td>
<td>projectss.testcases.MetaTest@5a1c0542</td></tr>
<tr>
<td title='projectss.testcases.MetaTest.verifyExistOfMetaContent()'><b>verifyExistOfMetaContent</b><br>Test class: projectss.testcases.MetaTest<br>Parameters: https://p6-qa.samsung.com/my/business/led-signage/indoor-led/indoor-vm026r-i-lh026vmrsac-xm</td>
<td></td>
<td>3</td>
<td>projectss.testcases.MetaTest@5a1c0542</td></tr>
<tr>
<td title='projectss.testcases.MetaTest.verifyExistOfMetaContent()'><b>verifyExistOfMetaContent</b><br>Test class: projectss.testcases.MetaTest<br>Parameters: https://p6-qa.samsung.com/my/business/smart-signage/interactive-display/qm32r-t-lh32qmrtbgcxxs</td>
<td></td>
<td>8</td>
<td>projectss.testcases.MetaTest@5a1c0542</td></tr>
<tr>
<td title='projectss.testcases.MetaTest.verifyExistOfMetaContent()'><b>verifyExistOfMetaContent</b><br>Test class: projectss.testcases.MetaTest<br>Parameters: https://p6-qa.samsung.com/my/business/smart-signage/outdoor-signage/outdoor-signage-oh46b-s-fhd-3500nit-ip5x-lh46ohbesgbxxs</td>
<td></td>
<td>6</td>
<td>projectss.testcases.MetaTest@5a1c0542</td></tr>
<tr>
<td title='projectss.testcases.MetaTest.signIn()'><b>signIn</b><br>Test class: projectss.testcases.MetaTest</td>
<td></td>
<td>5</td>
<td>projectss.testcases.MetaTest@5a1c0542</td></tr>
<tr>
<td title='projectss.testcases.MetaTest.verifyExistOfMetaContent()'><b>verifyExistOfMetaContent</b><br>Test class: projectss.testcases.MetaTest<br>Parameters: https://p6-qa.samsung.com/my/business/smart-signage/uhd-4k-signage/crystal-uhd-signage-qhc-55-inch-lh55qhcebgcxxs</td>
<td></td>
<td>3</td>
<td>projectss.testcases.MetaTest@5a1c0542</td></tr>
<tr>
<td title='projectss.testcases.MetaTest.verifyExistOfMetaContent()'><b>verifyExistOfMetaContent</b><br>Test class: projectss.testcases.MetaTest<br>Parameters: https://p6-qa.samsung.com/my/business/led-signage/indoor-led/iea-f-indoor-led-p25-lh025ieacfs-xs</td>
<td></td>
<td>3</td>
<td>projectss.testcases.MetaTest@5a1c0542</td></tr>
<tr>
<td title='projectss.testcases.MetaTest.verifyExistOfMetaContent()'><b>verifyExistOfMetaContent</b><br>Test class: projectss.testcases.MetaTest<br>Parameters: https://p6-qa.samsung.com/my/business/smart-signage/uhd-4k-signage/qb85r-b-uhd-4k-350nit-ip5x-lh85qbrbdgcxxs</td>
<td></td>
<td>3</td>
<td>projectss.testcases.MetaTest@5a1c0542</td></tr>
<tr>
<td title='projectss.testcases.MetaTest.verifyExistOfMetaContent()'><b>verifyExistOfMetaContent</b><br>Test class: projectss.testcases.MetaTest<br>Parameters: https://p6-qa.samsung.com/my/business/led-signage/the-wall/2021-the-wall-lh008iwamws-xu</td>
<td></td>
<td>3</td>
<td>projectss.testcases.MetaTest@5a1c0542</td></tr>
<tr>
<td title='projectss.testcases.MetaTest.verifyExistOfMetaContent()'><b>verifyExistOfMetaContent</b><br>Test class: projectss.testcases.MetaTest<br>Parameters: https://p6-qa.samsung.com/my/business/smart-signage/uhd-4k-signage/crystal-uhd-signage-qbc-lh55qbcebgcxxs</td>
<td></td>
<td>3</td>
<td>projectss.testcases.MetaTest@5a1c0542</td></tr>
<tr>
<td title='projectss.testcases.MetaTest.verifyExistOfMetaContent()'><b>verifyExistOfMetaContent</b><br>Test class: projectss.testcases.MetaTest<br>Parameters: https://p6-qa.samsung.com/my/business/smart-signage/video-wall/vmb-u-fhd-1080p-500nit-ip5x-35mm-lh46vmbubgbxxs</td>
<td></td>
<td>3</td>
<td>projectss.testcases.MetaTest@5a1c0542</td></tr>
<tr>
<td title='projectss.testcases.MetaTest.verifyExistOfMetaContent()'><b>verifyExistOfMetaContent</b><br>Test class: projectss.testcases.MetaTest<br>Parameters: https://p6-qa.samsung.com/my/business/smart-signage/uhd-4k-signage/qm85r-b-uhd-4k-500nit-ip5x-lh85qmrbbgcxxs</td>
<td></td>
<td>4</td>
<td>projectss.testcases.MetaTest@5a1c0542</td></tr>
<tr>
<td title='projectss.testcases.MetaTest.verifyExistOfMetaContent()'><b>verifyExistOfMetaContent</b><br>Test class: projectss.testcases.MetaTest<br>Parameters: https://p6-qa.samsung.com/my/business/led-signage/indoor-led/iea-f-indoor-led-p20-lh020ieacfs-xs</td>
<td></td>
<td>6</td>
<td>projectss.testcases.MetaTest@5a1c0542</td></tr>
<tr>
<td title='projectss.testcases.MetaTest.verifyExistOfMetaContent()'><b>verifyExistOfMetaContent</b><br>Test class: projectss.testcases.MetaTest<br>Parameters: https://p6-qa.samsung.com/my/business/smart-signage/uhd-4k-signage/crystal-uhd-signage-qbc-lh75qbcebgcxxs</td>
<td></td>
<td>3</td>
<td>projectss.testcases.MetaTest@5a1c0542</td></tr>
<tr>
<td title='projectss.testcases.MetaTest.verifyExistOfMetaContent()'><b>verifyExistOfMetaContent</b><br>Test class: projectss.testcases.MetaTest<br>Parameters: https://p6-qa.samsung.com/my/business/smart-signage/interactive-display/qmb-t-uhd-4k-capacitive-touch-8ms-lh43qmbtbgcxxs</td>
<td></td>
<td>3</td>
<td>projectss.testcases.MetaTest@5a1c0542</td></tr>
<tr>
<td title='projectss.testcases.MetaTest.verifyExistOfMetaContent()'><b>verifyExistOfMetaContent</b><br>Test class: projectss.testcases.MetaTest<br>Parameters: https://p6-qa.samsung.com/my/business/smart-signage/others/qm32r-b-lh32qmrbbgcxxs</td>
<td></td>
<td>3</td>
<td>projectss.testcases.MetaTest@5a1c0542</td></tr>
<tr>
<td title='projectss.testcases.MetaTest.verifyExistOfMetaContent()'><b>verifyExistOfMetaContent</b><br>Test class: projectss.testcases.MetaTest<br>Parameters: https://p6-qa.samsung.com/my/business/smart-signage/uhd-4k-signage/crystal-uhd-signage-qhc-43-inch-lh43qhcebgcxxs</td>
<td></td>
<td>3</td>
<td>projectss.testcases.MetaTest@5a1c0542</td></tr>
<tr>
<td title='projectss.testcases.MetaTest.verifyExistOfMetaContent()'><b>verifyExistOfMetaContent</b><br>Test class: projectss.testcases.MetaTest<br>Parameters: https://p6-qa.samsung.com/my/business/led-signage/the-wall/2021-the-wall-lh012iwamws-xu</td>
<td></td>
<td>5</td>
<td>projectss.testcases.MetaTest@5a1c0542</td></tr>
<tr>
<td title='projectss.testcases.MetaTest.verifyExistOfMetaContent()'><b>verifyExistOfMetaContent</b><br>Test class: projectss.testcases.MetaTest<br>Parameters: https://p6-qa.samsung.com/my/business/smart-signage/uhd-4k-signage/crystal-uhd-signage-qhc-65-inch-lh65qhcebgcxxs</td>
<td></td>
<td>3</td>
<td>projectss.testcases.MetaTest@5a1c0542</td></tr>
<tr>
<td title='projectss.testcases.MetaTest.verifyExistOfMetaContent()'><b>verifyExistOfMetaContent</b><br>Test class: projectss.testcases.MetaTest<br>Parameters: https://p6-qa.samsung.com/my/business/led-signage/indoor-led/iea-indoor-led-p25-lh025ieacls-xs</td>
<td></td>
<td>3</td>
<td>projectss.testcases.MetaTest@5a1c0542</td></tr>
<tr>
<td title='projectss.testcases.MetaTest.verifyExistOfMetaContent()'><b>verifyExistOfMetaContent</b><br>Test class: projectss.testcases.MetaTest<br>Parameters: https://p6-qa.samsung.com/my/business/led-signage/outdoor-led/xrb-outdoor-led-5000nit-lh039xrbcyc-xs</td>
<td></td>
<td>3</td>
<td>projectss.testcases.MetaTest@5a1c0542</td></tr>
<tr>
<td title='projectss.testcases.MetaTest.verifyExistOfMetaContent()'><b>verifyExistOfMetaContent</b><br>Test class: projectss.testcases.MetaTest<br>Parameters: https://p6-qa.samsung.com/my/business/smart-signage/outdoor-signage/outdoor-signage-oh24b-fhd-1500nit-ip66-lh24ohbebgbxxs</td>
<td></td>
<td>3</td>
<td>projectss.testcases.MetaTest@5a1c0542</td></tr>
<tr>
<td title='projectss.testcases.MetaTest.verifyExistOfMetaContent()'><b>verifyExistOfMetaContent</b><br>Test class: projectss.testcases.MetaTest<br>Parameters: https://p6-qa.samsung.com/my/business/smart-signage/others/sh37r-b-700nit-lh37shrbbgbxxs</td>
<td></td>
<td>3</td>
<td>projectss.testcases.MetaTest@5a1c0542</td></tr>
<tr>
<td title='projectss.testcases.MetaTest.verifyExistOfMetaContent()'><b>verifyExistOfMetaContent</b><br>Test class: projectss.testcases.MetaTest<br>Parameters: https://p6-qa.samsung.com/my/business/led-signage/indoor-led/indoor-vm029r-i-lh029vmrsac-xm</td>
<td></td>
<td>5</td>
<td>projectss.testcases.MetaTest@5a1c0542</td></tr>
<tr>
<td title='projectss.testcases.MetaTest.verifyExistOfMetaContent()'><b>verifyExistOfMetaContent</b><br>Test class: projectss.testcases.MetaTest<br>Parameters: https://p6-qa.samsung.com/my/business/smart-signage/others/stretched-display-sh37c-lh37shcebgbxxs</td>
<td></td>
<td>3</td>
<td>projectss.testcases.MetaTest@5a1c0542</td></tr>
<tr>
<td title='projectss.testcases.MetaTest.verifyExistOfMetaContent()'><b>verifyExistOfMetaContent</b><br>Test class: projectss.testcases.MetaTest<br>Parameters: https://p6-qa.samsung.com/my/business/smart-signage/video-wall/vh55r-r-lh55vhrrbgbxxs</td>
<td></td>
<td>9</td>
<td>projectss.testcases.MetaTest@5a1c0542</td></tr>
<tr>
<td title='projectss.testcases.MetaTest.verifyExistOfMetaContent()'><b>verifyExistOfMetaContent</b><br>Test class: projectss.testcases.MetaTest<br>Parameters: https://p6-qa.samsung.com/my/business/led-signage/indoor-led/ifr-1600nit-flexible-installation-lh015ifrcls-xs</td>
<td></td>
<td>7</td>
<td>projectss.testcases.MetaTest@5a1c0542</td></tr>
<tr>
<td title='projectss.testcases.MetaTest.verifyExistOfMetaContent()'><b>verifyExistOfMetaContent</b><br>Test class: projectss.testcases.MetaTest<br>Parameters: https://p6-qa.samsung.com/my/business/smart-signage/outdoor-signage/outdoor-signage-oh55a-s-fhd-4k-3500nit-ip5x-lh55ohaosgbxxs</td>
<td></td>
<td>4</td>
<td>projectss.testcases.MetaTest@5a1c0542</td></tr>
<tr>
<td title='projectss.testcases.MetaTest.verifyExistOfMetaContent()'><b>verifyExistOfMetaContent</b><br>Test class: projectss.testcases.MetaTest<br>Parameters: https://p6-qa.samsung.com/my/business/led-signage/indoor-led/iea-indoor-led-p40-lh040ieacls-xs</td>
<td></td>
<td>5</td>
<td>projectss.testcases.MetaTest@5a1c0542</td></tr>
<tr>
<td title='projectss.testcases.MetaTest.verifyExistOfMetaContent()'><b>verifyExistOfMetaContent</b><br>Test class: projectss.testcases.MetaTest<br>Parameters: https://p6-qa.samsung.com/my/business/led-signage/indoor-led/ifr-2400nit-flexible-installation-lh020ifrcls-xs</td>
<td></td>
<td>3</td>
<td>projectss.testcases.MetaTest@5a1c0542</td></tr>
<tr>
<td title='projectss.testcases.MetaTest.verifyExistOfMetaContent()'><b>verifyExistOfMetaContent</b><br>Test class: projectss.testcases.MetaTest<br>Parameters: https://p6-qa.samsung.com/my/business/led-signage/outdoor-led/xrb-outdoor-led-5000nit-lh039xrbcxc-xs</td>
<td></td>
<td>6</td>
<td>projectss.testcases.MetaTest@5a1c0542</td></tr>
<tr>
<td title='projectss.testcases.MetaTest.verifyExistOfMetaContent()'><b>verifyExistOfMetaContent</b><br>Test class: projectss.testcases.MetaTest<br>Parameters: https://p6-qa.samsung.com/my/business/smart-signage/others/qbr-m-13-full-hd-small-display-lh13qbrmbgcxxs</td>
<td></td>
<td>3</td>
<td>projectss.testcases.MetaTest@5a1c0542</td></tr>
<tr>
<td title='projectss.testcases.MetaTest.verifyExistOfMetaContent()'><b>verifyExistOfMetaContent</b><br>Test class: projectss.testcases.MetaTest<br>Parameters: https://p6-qa.samsung.com/my/business/led-signage/indoor-led/iea-indoor-led-p15-lh015ieacls-xs</td>
<td></td>
<td>6</td>
<td>projectss.testcases.MetaTest@5a1c0542</td></tr>
<tr>
<td title='projectss.testcases.MetaTest.verifyExistOfMetaContent()'><b>verifyExistOfMetaContent</b><br>Test class: projectss.testcases.MetaTest<br>Parameters: https://p6-qa.samsung.com/my/business/led-signage/indoor-led/ifr-2400nit-flexible-installation-lh025ifrcls-xs</td>
<td></td>
<td>4</td>
<td>projectss.testcases.MetaTest@5a1c0542</td></tr>
<tr>
<td title='projectss.testcases.MetaTest.verifyExistOfMetaContent()'><b>verifyExistOfMetaContent</b><br>Test class: projectss.testcases.MetaTest<br>Parameters: https://p6-qa.samsung.com/my/business/led-signage/indoor-led/iea-indoor-led-p20-lh020ieacls-xs</td>
<td></td>
<td>3</td>
<td>projectss.testcases.MetaTest@5a1c0542</td></tr>
<tr>
<td title='projectss.testcases.MetaTest.verifyExistOfMetaContent()'><b>verifyExistOfMetaContent</b><br>Test class: projectss.testcases.MetaTest<br>Parameters: https://p6-qa.samsung.com/my/business/led-signage/indoor-led/iea-f-indor-led-p40-lh040ieacfs-xs</td>
<td></td>
<td>3</td>
<td>projectss.testcases.MetaTest@5a1c0542</td></tr>
<tr>
<td title='projectss.testcases.MetaTest.verifyExistOfMetaContent()'><b>verifyExistOfMetaContent</b><br>Test class: projectss.testcases.MetaTest<br>Parameters: https://p6-qa.samsung.com/my/business/led-signage/indoor-led/iea-f-indoor-led-p15-lh015ieacfs-xs</td>
<td></td>
<td>3</td>
<td>projectss.testcases.MetaTest@5a1c0542</td></tr>
<tr>
<td title='projectss.testcases.MetaTest.verifyExistOfMetaContent()'><b>verifyExistOfMetaContent</b><br>Test class: projectss.testcases.MetaTest<br>Parameters: https://p6-qa.samsung.com/my/business/led-signage/indoor-led/ifr-f-1600nit-flexible-installation-lh015ifrcfs-xs</td>
<td></td>
<td>4</td>
<td>projectss.testcases.MetaTest@5a1c0542</td></tr>
<tr>
<td title='projectss.testcases.MetaTest.verifyExistOfMetaContent()'><b>verifyExistOfMetaContent</b><br>Test class: projectss.testcases.MetaTest<br>Parameters: https://p6-qa.samsung.com/my/business/smart-signage/uhd-4k-signage/crystal-uhd-signage-qhc-50-inch-lh50qhcebgcxxs</td>
<td></td>
<td>3</td>
<td>projectss.testcases.MetaTest@5a1c0542</td></tr>
<tr>
<td title='projectss.testcases.MetaTest.verifyExistOfMetaContent()'><b>verifyExistOfMetaContent</b><br>Test class: projectss.testcases.MetaTest<br>Parameters: https://p6-qa.samsung.com/my/business/smart-signage/interactive-display/interactive-display-wac-lh65wacwlgcxxs</td>
<td></td>
<td>3</td>
<td>projectss.testcases.MetaTest@5a1c0542</td></tr>
</table><p>
</body>
</html>