<?xml version="1.0" encoding="UTF-8"?>
<testng-results skipped="0" failed="1" ignored="2" total="4" passed="1">
  <reporter-output>
  </reporter-output>
  <suite name="PageObjectTest Example" duration-ms="72704" started-at="2024-06-11T18:16:34 ICT" finished-at="2024-06-11T18:17:47 ICT">
    <groups>
    </groups>
    <test name="AutomationTest" duration-ms="72704" started-at="2024-06-11T18:16:34 ICT" finished-at="2024-06-11T18:17:47 ICT">
      <class name="projectss.testcases.ProductDetailTest">
        <test-method status="PASS" signature="initializeTestBaseSetup(java.lang.String,java.lang.String)[pri:0, instance:projectss.testcases.ProductDetailTest@536aaa8d]" name="initializeTestBaseSetup" is-config="true" duration-ms="4659" started-at="2024-06-11T18:16:34 ICT" finished-at="2024-06-11T18:16:39 ICT">
          <params>
            <param index="0">
              <value>
                <![CDATA[chrome]]>
              </value>
            </param>
            <param index="1">
              <value>
                <![CDATA[https://wds.samsung.com/wds/sso/login/forwardLogin.do]]>
              </value>
            </param>
          </params>
          <reporter-output>
          </reporter-output>
        </test-method> <!-- initializeTestBaseSetup -->
        <test-method status="PASS" signature="setUp()[pri:0, instance:projectss.testcases.ProductDetailTest@536aaa8d]" name="setUp" is-config="true" duration-ms="0" started-at="2024-06-11T18:16:39 ICT" finished-at="2024-06-11T18:16:39 ICT">
          <reporter-output>
          </reporter-output>
        </test-method> <!-- setUp -->
        <test-method status="PASS" signature="signIn()[pri:1, instance:projectss.testcases.ProductDetailTest@536aaa8d]" name="signIn" duration-ms="4458" started-at="2024-06-11T18:16:39 ICT" finished-at="2024-06-11T18:16:43 ICT">
          <reporter-output>
          </reporter-output>
        </test-method> <!-- signIn -->
        <test-method status="FAIL" signature="verifySKUnBadgeByGoogle(org.testng.ITestContext)[pri:2, instance:projectss.testcases.ProductDetailTest@536aaa8d]" name="verifySKUnBadgeByGoogle" duration-ms="60697" started-at="2024-06-11T18:16:43 ICT" finished-at="2024-06-11T18:17:44 ICT">
          <params>
            <param index="0">
              <value>
                <![CDATA[org.testng.TestRunner@44c79f32]]>
              </value>
            </param>
          </params>
          <exception class="java.lang.AssertionError">
            <message>
              <![CDATA[The following asserts failed:
No 34 lỗi sai text, chi tiết:  expected [เก่าแลกใหม่ 5000z] but found [เก่าแลกใหม่ 5000],
No 35 lỗi sai mã SKU, chi tiết:  expected [F-RF59U12BPOGG] but found [SM-P625NZAETHL],
expected [No 35 lỗi ko có badge, chi tiết: ] but found [เก่าแลกใหม่ 5000]]]>
            </message>
            <full-stacktrace>
              <![CDATA[java.lang.AssertionError: The following asserts failed:
No 34 lỗi sai text, chi tiết:  expected [เก่าแลกใหม่ 5000z] but found [เก่าแลกใหม่ 5000],
No 35 lỗi sai mã SKU, chi tiết:  expected [F-RF59U12BPOGG] but found [SM-P625NZAETHL],
expected [No 35 lỗi ko có badge, chi tiết: ] but found [เก่าแลกใหม่ 5000]
at org.testng.asserts.SoftAssert.assertAll(SoftAssert.java:47)
at org.testng.asserts.SoftAssert.assertAll(SoftAssert.java:31)
at projectss.testcases.ProductDetailTest.verifySKUnBadgeByGoogle(ProductDetailTest.java:116)
at sun.reflect.NativeMethodAccessorImpl.invoke0(Native Method)
at sun.reflect.NativeMethodAccessorImpl.invoke(NativeMethodAccessorImpl.java:62)
at sun.reflect.DelegatingMethodAccessorImpl.invoke(DelegatingMethodAccessorImpl.java:43)
at java.lang.reflect.Method.invoke(Method.java:498)
at org.testng.internal.MethodInvocationHelper.invokeMethod(MethodInvocationHelper.java:133)
at org.testng.internal.TestInvoker.invokeMethod(TestInvoker.java:598)
at org.testng.internal.TestInvoker.invokeTestMethod(TestInvoker.java:173)
at org.testng.internal.MethodRunner.runInSequence(MethodRunner.java:46)
at org.testng.internal.TestInvoker$MethodInvocationAgent.invoke(TestInvoker.java:824)
at org.testng.internal.TestInvoker.invokeTestMethods(TestInvoker.java:146)
at org.testng.internal.TestMethodWorker.invokeTestMethods(TestMethodWorker.java:146)
at org.testng.internal.TestMethodWorker.run(TestMethodWorker.java:128)
at java.util.ArrayList.forEach(ArrayList.java:1259)
at org.testng.TestRunner.privateRun(TestRunner.java:794)
at org.testng.TestRunner.run(TestRunner.java:596)
at org.testng.SuiteRunner.runTest(SuiteRunner.java:377)
at org.testng.SuiteRunner.runSequentially(SuiteRunner.java:371)
at org.testng.SuiteRunner.privateRun(SuiteRunner.java:332)
at org.testng.SuiteRunner.run(SuiteRunner.java:276)
at org.testng.SuiteRunnerWorker.runSuite(SuiteRunnerWorker.java:53)
at org.testng.SuiteRunnerWorker.run(SuiteRunnerWorker.java:96)
at org.testng.TestNG.runSuitesSequentially(TestNG.java:1212)
at org.testng.TestNG.runSuitesLocally(TestNG.java:1134)
at org.testng.TestNG.runSuites(TestNG.java:1063)
at org.testng.TestNG.run(TestNG.java:1031)
at com.intellij.rt.testng.IDEARemoteTestNG.run(IDEARemoteTestNG.java:66)
at com.intellij.rt.testng.RemoteTestNGStarter.main(RemoteTestNGStarter.java:105)
]]>
            </full-stacktrace>
          </exception> <!-- java.lang.AssertionError -->
          <reporter-output>
          </reporter-output>
        </test-method> <!-- verifySKUnBadgeByGoogle -->
        <test-method status="PASS" signature="tearDown()[pri:0, instance:projectss.testcases.ProductDetailTest@536aaa8d]" name="tearDown" is-config="true" duration-ms="2851" started-at="2024-06-11T18:17:44 ICT" finished-at="2024-06-11T18:17:47 ICT">
          <reporter-output>
          </reporter-output>
        </test-method> <!-- tearDown -->
      </class> <!-- projectss.testcases.ProductDetailTest -->
    </test> <!-- AutomationTest -->
  </suite> <!-- PageObjectTest Example -->
</testng-results>
